{"/Applications/MAMP/htdocs/task-organizer/src/components/BackgroundScreen.vue": {"path":"/Applications/MAMP/htdocs/task-organizer/src/components/BackgroundScreen.vue","statementMap":{"0":{"start":{"line":7,"column":0},"end":{"line":7,"column":null}}},"fnMap":{},"branchMap":{},"s":{"0":1},"f":{},"b":{}}
,"/Applications/MAMP/htdocs/task-organizer/src/components/DeleteTask.vue": {"path":"/Applications/MAMP/htdocs/task-organizer/src/components/DeleteTask.vue","statementMap":{"0":{"start":{"line":16,"column":0},"end":{"line":16,"column":null}},"1":{"start":{"line":17,"column":0},"end":{"line":17,"column":null}},"2":{"start":{"line":35,"column":0},"end":{"line":35,"column":null}},"3":{"start":{"line":36,"column":0},"end":{"line":36,"column":null}},"4":{"start":{"line":40,"column":0},"end":{"line":40,"column":null}}},"fnMap":{"0":{"name":"(anonymous_1)","decl":{"start":{"line":34,"column":0},"end":{"line":34,"column":null}},"loc":{"start":{"line":34,"column":0},"end":{"line":37,"column":null}}},"1":{"name":"(anonymous_2)","decl":{"start":{"line":39,"column":0},"end":{"line":39,"column":null}},"loc":{"start":{"line":39,"column":0},"end":{"line":41,"column":null}}}},"branchMap":{},"s":{"0":1,"1":1,"2":0,"3":0,"4":2},"f":{"0":0,"1":2},"b":{}}
,"/Applications/MAMP/htdocs/task-organizer/src/components/EditTask.vue": {"path":"/Applications/MAMP/htdocs/task-organizer/src/components/EditTask.vue","statementMap":{"0":{"start":{"line":78,"column":0},"end":{"line":78,"column":null}},"1":{"start":{"line":79,"column":0},"end":{"line":79,"column":null}},"2":{"start":{"line":80,"column":0},"end":{"line":80,"column":null}},"3":{"start":{"line":81,"column":0},"end":{"line":81,"column":null}},"4":{"start":{"line":82,"column":0},"end":{"line":82,"column":null}},"5":{"start":{"line":93,"column":0},"end":{"line":93,"column":null}},"6":{"start":{"line":114,"column":0},"end":{"line":114,"column":null}},"7":{"start":{"line":136,"column":0},"end":{"line":138,"column":null}},"8":{"start":{"line":137,"column":0},"end":{"line":137,"column":null}},"9":{"start":{"line":140,"column":0},"end":{"line":159,"column":null}},"10":{"start":{"line":141,"column":0},"end":{"line":141,"column":null}},"11":{"start":{"line":147,"column":0},"end":{"line":158,"column":null}},"12":{"start":{"line":148,"column":0},"end":{"line":148,"column":null}},"13":{"start":{"line":149,"column":0},"end":{"line":149,"column":null}},"14":{"start":{"line":151,"column":0},"end":{"line":157,"column":null}},"15":{"start":{"line":152,"column":0},"end":{"line":152,"column":null}},"16":{"start":{"line":153,"column":0},"end":{"line":153,"column":null}},"17":{"start":{"line":154,"column":0},"end":{"line":154,"column":null}},"18":{"start":{"line":156,"column":0},"end":{"line":156,"column":null}},"19":{"start":{"line":161,"column":0},"end":{"line":161,"column":null}},"20":{"start":{"line":164,"column":0},"end":{"line":164,"column":null}},"21":{"start":{"line":167,"column":0},"end":{"line":180,"column":null}},"22":{"start":{"line":168,"column":0},"end":{"line":168,"column":null}},"23":{"start":{"line":178,"column":0},"end":{"line":178,"column":null}},"24":{"start":{"line":179,"column":0},"end":{"line":179,"column":null}},"25":{"start":{"line":183,"column":0},"end":{"line":183,"column":null}}},"fnMap":{"0":{"name":"(anonymous_1)","decl":{"start":{"line":92,"column":0},"end":{"line":92,"column":null}},"loc":{"start":{"line":92,"column":0},"end":{"line":107,"column":null}}},"1":{"name":"(anonymous_2)","decl":{"start":{"line":113,"column":0},"end":{"line":113,"column":null}},"loc":{"start":{"line":113,"column":0},"end":{"line":115,"column":null}}},"2":{"name":"(anonymous_3)","decl":{"start":{"line":135,"column":0},"end":{"line":135,"column":null}},"loc":{"start":{"line":135,"column":0},"end":{"line":162,"column":null}}},"3":{"name":"(anonymous_4)","decl":{"start":{"line":147,"column":0},"end":{"line":147,"column":null}},"loc":{"start":{"line":147,"column":0},"end":{"line":158,"column":null}}},"4":{"name":"(anonymous_5)","decl":{"start":{"line":163,"column":0},"end":{"line":163,"column":null}},"loc":{"start":{"line":163,"column":0},"end":{"line":181,"column":null}}},"5":{"name":"(anonymous_6)","decl":{"start":{"line":182,"column":0},"end":{"line":182,"column":null}},"loc":{"start":{"line":182,"column":0},"end":{"line":184,"column":null}}}},"branchMap":{"0":{"loc":{"start":{"line":114,"column":0},"end":{"line":114,"column":null}},"type":"cond-expr","locations":[{"start":{"line":114,"column":0},"end":{"line":114,"column":null}},{"start":{"line":114,"column":0},"end":{"line":114,"column":null}}]},"1":{"loc":{"start":{"line":136,"column":0},"end":{"line":138,"column":null}},"type":"if","locations":[{"start":{"line":136,"column":0},"end":{"line":138,"column":null}},{"start":{"line":136,"column":0},"end":{"line":138,"column":null}}]},"2":{"loc":{"start":{"line":140,"column":0},"end":{"line":159,"column":null}},"type":"if","locations":[{"start":{"line":140,"column":0},"end":{"line":159,"column":null}},{"start":{"line":140,"column":0},"end":{"line":159,"column":null}}]},"3":{"loc":{"start":{"line":140,"column":0},"end":{"line":140,"column":null}},"type":"binary-expr","locations":[{"start":{"line":140,"column":0},"end":{"line":140,"column":null}},{"start":{"line":140,"column":0},"end":{"line":140,"column":null}}]},"4":{"loc":{"start":{"line":151,"column":0},"end":{"line":157,"column":null}},"type":"if","locations":[{"start":{"line":151,"column":0},"end":{"line":157,"column":null}},{"start":{"line":151,"column":0},"end":{"line":157,"column":null}}]},"5":{"loc":{"start":{"line":151,"column":0},"end":{"line":151,"column":null}},"type":"binary-expr","locations":[{"start":{"line":151,"column":0},"end":{"line":151,"column":null}},{"start":{"line":151,"column":0},"end":{"line":151,"column":null}}]},"6":{"loc":{"start":{"line":167,"column":0},"end":{"line":180,"column":null}},"type":"if","locations":[{"start":{"line":167,"column":0},"end":{"line":180,"column":null}},{"start":{"line":167,"column":0},"end":{"line":180,"column":null}}]},"7":{"loc":{"start":{"line":167,"column":0},"end":{"line":167,"column":null}},"type":"binary-expr","locations":[{"start":{"line":167,"column":0},"end":{"line":167,"column":null}},{"start":{"line":167,"column":0},"end":{"line":167,"column":null}}]}},"s":{"0":2,"1":2,"2":2,"3":2,"4":2,"5":5,"6":5,"7":2,"8":2,"9":0,"10":0,"11":0,"12":0,"13":0,"14":0,"15":0,"16":0,"17":0,"18":0,"19":0,"20":4,"21":2,"22":1,"23":1,"24":1,"25":0},"f":{"0":5,"1":5,"2":2,"3":0,"4":2,"5":0},"b":{"0":[0,5],"1":[2,0],"2":[0,0],"3":[0,0],"4":[0,0],"5":[0,0],"6":[1,1],"7":[2,1]}}
,"/Applications/MAMP/htdocs/task-organizer/src/components/Login.vue": {"path":"/Applications/MAMP/htdocs/task-organizer/src/components/Login.vue","statementMap":{"0":{"start":{"line":14,"column":0},"end":{"line":14,"column":null}}},"fnMap":{},"branchMap":{},"s":{"0":1},"f":{},"b":{}}
,"/Applications/MAMP/htdocs/task-organizer/src/components/NewTask.vue": {"path":"/Applications/MAMP/htdocs/task-organizer/src/components/NewTask.vue","statementMap":{"0":{"start":{"line":76,"column":0},"end":{"line":76,"column":null}},"1":{"start":{"line":77,"column":0},"end":{"line":77,"column":null}},"2":{"start":{"line":78,"column":0},"end":{"line":78,"column":null}},"3":{"start":{"line":79,"column":0},"end":{"line":79,"column":null}},"4":{"start":{"line":80,"column":0},"end":{"line":80,"column":null}},"5":{"start":{"line":81,"column":0},"end":{"line":81,"column":null}},"6":{"start":{"line":86,"column":0},"end":{"line":86,"column":null}},"7":{"start":{"line":108,"column":0},"end":{"line":108,"column":null}},"8":{"start":{"line":109,"column":0},"end":{"line":109,"column":null}},"9":{"start":{"line":112,"column":0},"end":{"line":128,"column":null}},"10":{"start":{"line":113,"column":0},"end":{"line":113,"column":null}},"11":{"start":{"line":114,"column":0},"end":{"line":114,"column":null}},"12":{"start":{"line":115,"column":0},"end":{"line":115,"column":null}},"13":{"start":{"line":117,"column":0},"end":{"line":125,"column":null}},"14":{"start":{"line":118,"column":0},"end":{"line":118,"column":null}},"15":{"start":{"line":119,"column":0},"end":{"line":124,"column":null}},"16":{"start":{"line":120,"column":0},"end":{"line":120,"column":null}},"17":{"start":{"line":121,"column":0},"end":{"line":121,"column":null}},"18":{"start":{"line":123,"column":0},"end":{"line":123,"column":null}},"19":{"start":{"line":126,"column":0},"end":{"line":126,"column":null}},"20":{"start":{"line":127,"column":0},"end":{"line":127,"column":null}},"21":{"start":{"line":130,"column":0},"end":{"line":132,"column":null}},"22":{"start":{"line":131,"column":0},"end":{"line":131,"column":null}},"23":{"start":{"line":135,"column":0},"end":{"line":135,"column":null}},"24":{"start":{"line":136,"column":0},"end":{"line":136,"column":null}},"25":{"start":{"line":138,"column":0},"end":{"line":150,"column":null}},"26":{"start":{"line":139,"column":0},"end":{"line":139,"column":null}},"27":{"start":{"line":141,"column":0},"end":{"line":141,"column":null}},"28":{"start":{"line":142,"column":0},"end":{"line":142,"column":null}},"29":{"start":{"line":144,"column":0},"end":{"line":144,"column":null}},"30":{"start":{"line":145,"column":0},"end":{"line":145,"column":null}},"31":{"start":{"line":147,"column":0},"end":{"line":147,"column":null}},"32":{"start":{"line":148,"column":0},"end":{"line":148,"column":null}},"33":{"start":{"line":152,"column":0},"end":{"line":152,"column":null}},"34":{"start":{"line":155,"column":0},"end":{"line":155,"column":null}},"35":{"start":{"line":173,"column":0},"end":{"line":173,"column":null}},"36":{"start":{"line":178,"column":0},"end":{"line":178,"column":null}},"37":{"start":{"line":187,"column":0},"end":{"line":214,"column":null}},"38":{"start":{"line":188,"column":0},"end":{"line":188,"column":null}},"39":{"start":{"line":202,"column":0},"end":{"line":202,"column":null}},"40":{"start":{"line":204,"column":0},"end":{"line":206,"column":null}},"41":{"start":{"line":205,"column":0},"end":{"line":205,"column":null}},"42":{"start":{"line":208,"column":0},"end":{"line":208,"column":null}},"43":{"start":{"line":213,"column":0},"end":{"line":213,"column":null}},"44":{"start":{"line":217,"column":0},"end":{"line":221,"column":null}},"45":{"start":{"line":218,"column":0},"end":{"line":218,"column":null}},"46":{"start":{"line":220,"column":0},"end":{"line":220,"column":null}},"47":{"start":{"line":228,"column":0},"end":{"line":228,"column":null}},"48":{"start":{"line":229,"column":0},"end":{"line":229,"column":null}}},"fnMap":{"0":{"name":"(anonymous_1)","decl":{"start":{"line":85,"column":0},"end":{"line":85,"column":null}},"loc":{"start":{"line":85,"column":0},"end":{"line":101,"column":null}}},"1":{"name":"(anonymous_2)","decl":{"start":{"line":107,"column":0},"end":{"line":107,"column":null}},"loc":{"start":{"line":107,"column":0},"end":{"line":133,"column":null}}},"2":{"name":"(anonymous_3)","decl":{"start":{"line":130,"column":0},"end":{"line":130,"column":null}},"loc":{"start":{"line":130,"column":0},"end":{"line":132,"column":null}}},"3":{"name":"(anonymous_4)","decl":{"start":{"line":134,"column":0},"end":{"line":134,"column":null}},"loc":{"start":{"line":134,"column":0},"end":{"line":153,"column":null}}},"4":{"name":"(anonymous_5)","decl":{"start":{"line":154,"column":0},"end":{"line":154,"column":null}},"loc":{"start":{"line":154,"column":0},"end":{"line":156,"column":null}}},"5":{"name":"(anonymous_6)","decl":{"start":{"line":171,"column":0},"end":{"line":171,"column":null}},"loc":{"start":{"line":171,"column":0},"end":{"line":174,"column":null}}},"6":{"name":"(anonymous_7)","decl":{"start":{"line":177,"column":0},"end":{"line":177,"column":null}},"loc":{"start":{"line":177,"column":0},"end":{"line":179,"column":null}}},"7":{"name":"(anonymous_8)","decl":{"start":{"line":186,"column":0},"end":{"line":186,"column":null}},"loc":{"start":{"line":186,"column":0},"end":{"line":215,"column":null}}},"8":{"name":"(anonymous_9)","decl":{"start":{"line":216,"column":0},"end":{"line":216,"column":null}},"loc":{"start":{"line":216,"column":0},"end":{"line":222,"column":null}}},"9":{"name":"(anonymous_10)","decl":{"start":{"line":227,"column":0},"end":{"line":227,"column":null}},"loc":{"start":{"line":227,"column":0},"end":{"line":230,"column":null}}}},"branchMap":{"0":{"loc":{"start":{"line":119,"column":0},"end":{"line":124,"column":null}},"type":"if","locations":[{"start":{"line":119,"column":0},"end":{"line":124,"column":null}},{"start":{"line":119,"column":0},"end":{"line":124,"column":null}}]},"1":{"loc":{"start":{"line":131,"column":0},"end":{"line":131,"column":null}},"type":"cond-expr","locations":[{"start":{"line":131,"column":0},"end":{"line":131,"column":null}},{"start":{"line":131,"column":0},"end":{"line":131,"column":null}}]},"2":{"loc":{"start":{"line":135,"column":0},"end":{"line":135,"column":null}},"type":"cond-expr","locations":[{"start":{"line":135,"column":0},"end":{"line":135,"column":null}},{"start":{"line":135,"column":0},"end":{"line":135,"column":null}}]},"3":{"loc":{"start":{"line":138,"column":0},"end":{"line":150,"column":null}},"type":"if","locations":[{"start":{"line":138,"column":0},"end":{"line":150,"column":null}},{"start":{"line":138,"column":0},"end":{"line":150,"column":null}}]},"4":{"loc":{"start":{"line":140,"column":0},"end":{"line":142,"column":null}},"type":"switch","locations":[{"start":{"line":140,"column":0},"end":{"line":142,"column":null}},{"start":{"line":143,"column":0},"end":{"line":145,"column":null}},{"start":{"line":146,"column":0},"end":{"line":148,"column":null}}]},"5":{"loc":{"start":{"line":155,"column":0},"end":{"line":155,"column":null}},"type":"cond-expr","locations":[{"start":{"line":155,"column":0},"end":{"line":155,"column":null}},{"start":{"line":155,"column":0},"end":{"line":155,"column":null}}]},"6":{"loc":{"start":{"line":187,"column":0},"end":{"line":214,"column":null}},"type":"if","locations":[{"start":{"line":187,"column":0},"end":{"line":214,"column":null}},{"start":{"line":187,"column":0},"end":{"line":214,"column":null}}]},"7":{"loc":{"start":{"line":204,"column":0},"end":{"line":206,"column":null}},"type":"if","locations":[{"start":{"line":204,"column":0},"end":{"line":206,"column":null}},{"start":{"line":204,"column":0},"end":{"line":206,"column":null}}]},"8":{"loc":{"start":{"line":217,"column":0},"end":{"line":221,"column":null}},"type":"if","locations":[{"start":{"line":217,"column":0},"end":{"line":221,"column":null}},{"start":{"line":217,"column":0},"end":{"line":221,"column":null}}]}},"s":{"0":1,"1":1,"2":1,"3":1,"4":1,"5":1,"6":5,"7":5,"8":5,"9":5,"10":5,"11":5,"12":5,"13":5,"14":5,"15":5,"16":0,"17":0,"18":5,"19":5,"20":5,"21":5,"22":0,"23":5,"24":5,"25":5,"26":0,"27":0,"28":0,"29":0,"30":0,"31":0,"32":0,"33":5,"34":5,"35":0,"36":5,"37":2,"38":1,"39":1,"40":1,"41":0,"42":1,"43":1,"44":5,"45":5,"46":0,"47":5,"48":5},"f":{"0":5,"1":5,"2":0,"3":5,"4":5,"5":0,"6":5,"7":2,"8":5,"9":5},"b":{"0":[0,5],"1":[0,0],"2":[0,5],"3":[0,5],"4":[0,0,0],"5":[0,5],"6":[1,1],"7":[0,1],"8":[5,0]}}
,"/Applications/MAMP/htdocs/task-organizer/src/components/Sidebar.vue": {"path":"/Applications/MAMP/htdocs/task-organizer/src/components/Sidebar.vue","statementMap":{"0":{"start":{"line":117,"column":0},"end":{"line":117,"column":null}},"1":{"start":{"line":118,"column":0},"end":{"line":118,"column":null}},"2":{"start":{"line":123,"column":0},"end":{"line":123,"column":null}},"3":{"start":{"line":163,"column":0},"end":{"line":163,"column":null}},"4":{"start":{"line":167,"column":0},"end":{"line":167,"column":null}}},"fnMap":{"0":{"name":"(anonymous_1)","decl":{"start":{"line":122,"column":0},"end":{"line":122,"column":null}},"loc":{"start":{"line":122,"column":0},"end":{"line":131,"column":null}}},"1":{"name":"(anonymous_2)","decl":{"start":{"line":162,"column":0},"end":{"line":162,"column":null}},"loc":{"start":{"line":162,"column":0},"end":{"line":164,"column":null}}},"2":{"name":"(anonymous_3)","decl":{"start":{"line":166,"column":0},"end":{"line":166,"column":null}},"loc":{"start":{"line":166,"column":0},"end":{"line":168,"column":null}}}},"branchMap":{},"s":{"0":1,"1":1,"2":7,"3":0,"4":7},"f":{"0":7,"1":0,"2":7},"b":{}}
,"/Applications/MAMP/htdocs/task-organizer/src/components/Task.vue": {"path":"/Applications/MAMP/htdocs/task-organizer/src/components/Task.vue","statementMap":{"0":{"start":{"line":41,"column":0},"end":{"line":41,"column":null}},"1":{"start":{"line":42,"column":0},"end":{"line":42,"column":null}},"2":{"start":{"line":65,"column":0},"end":{"line":65,"column":null}},"3":{"start":{"line":82,"column":0},"end":{"line":82,"column":null}},"4":{"start":{"line":92,"column":0},"end":{"line":92,"column":null}},"5":{"start":{"line":99,"column":0},"end":{"line":99,"column":null}},"6":{"start":{"line":102,"column":0},"end":{"line":102,"column":null}},"7":{"start":{"line":104,"column":0},"end":{"line":104,"column":null}},"8":{"start":{"line":106,"column":0},"end":{"line":106,"column":null}},"9":{"start":{"line":107,"column":0},"end":{"line":107,"column":null}},"10":{"start":{"line":109,"column":0},"end":{"line":109,"column":null}},"11":{"start":{"line":110,"column":0},"end":{"line":110,"column":null}},"12":{"start":{"line":114,"column":0},"end":{"line":114,"column":null}},"13":{"start":{"line":115,"column":0},"end":{"line":115,"column":null}},"14":{"start":{"line":118,"column":0},"end":{"line":123,"column":null}},"15":{"start":{"line":119,"column":0},"end":{"line":119,"column":null}},"16":{"start":{"line":120,"column":0},"end":{"line":120,"column":null}},"17":{"start":{"line":122,"column":0},"end":{"line":122,"column":null}},"18":{"start":{"line":125,"column":0},"end":{"line":125,"column":null}},"19":{"start":{"line":126,"column":0},"end":{"line":126,"column":null}},"20":{"start":{"line":128,"column":0},"end":{"line":128,"column":null}},"21":{"start":{"line":131,"column":0},"end":{"line":140,"column":null}},"22":{"start":{"line":132,"column":0},"end":{"line":132,"column":null}},"23":{"start":{"line":134,"column":0},"end":{"line":138,"column":null}},"24":{"start":{"line":134,"column":0},"end":{"line":134,"column":null}},"25":{"start":{"line":135,"column":0},"end":{"line":135,"column":null}},"26":{"start":{"line":136,"column":0},"end":{"line":136,"column":null}},"27":{"start":{"line":137,"column":0},"end":{"line":137,"column":null}},"28":{"start":{"line":139,"column":0},"end":{"line":139,"column":null}},"29":{"start":{"line":142,"column":0},"end":{"line":142,"column":null}},"30":{"start":{"line":146,"column":0},"end":{"line":146,"column":null}}},"fnMap":{"0":{"name":"(anonymous_1)","decl":{"start":{"line":64,"column":0},"end":{"line":64,"column":null}},"loc":{"start":{"line":64,"column":0},"end":{"line":68,"column":null}}},"1":{"name":"(anonymous_2)","decl":{"start":{"line":81,"column":0},"end":{"line":81,"column":null}},"loc":{"start":{"line":81,"column":0},"end":{"line":83,"column":null}}},"2":{"name":"(anonymous_3)","decl":{"start":{"line":91,"column":0},"end":{"line":91,"column":null}},"loc":{"start":{"line":91,"column":0},"end":{"line":97,"column":null}}},"3":{"name":"(anonymous_4)","decl":{"start":{"line":98,"column":0},"end":{"line":98,"column":null}},"loc":{"start":{"line":98,"column":0},"end":{"line":100,"column":null}}},"4":{"name":"(anonymous_5)","decl":{"start":{"line":101,"column":0},"end":{"line":101,"column":null}},"loc":{"start":{"line":101,"column":0},"end":{"line":112,"column":null}}},"5":{"name":"(anonymous_6)","decl":{"start":{"line":113,"column":0},"end":{"line":113,"column":null}},"loc":{"start":{"line":113,"column":0},"end":{"line":143,"column":null}}},"6":{"name":"(anonymous_7)","decl":{"start":{"line":146,"column":0},"end":{"line":146,"column":null}},"loc":{"start":{"line":146,"column":0},"end":{"line":146,"column":null}}}},"branchMap":{"0":{"loc":{"start":{"line":105,"column":0},"end":{"line":107,"column":null}},"type":"switch","locations":[{"start":{"line":105,"column":0},"end":{"line":107,"column":null}},{"start":{"line":108,"column":0},"end":{"line":110,"column":null}}]}},"s":{"0":1,"1":1,"2":5,"3":0,"4":0,"5":0,"6":3,"7":3,"8":0,"9":0,"10":3,"11":3,"12":3,"13":3,"14":3,"15":3,"16":3,"17":3,"18":3,"19":3,"20":3,"21":3,"22":3,"23":3,"24":3,"25":0,"26":0,"27":0,"28":3,"29":3,"30":0},"f":{"0":5,"1":0,"2":0,"3":0,"4":3,"5":3,"6":0},"b":{"0":[0,3]}}
,"/Applications/MAMP/htdocs/task-organizer/src/components/TasksDate.vue": {"path":"/Applications/MAMP/htdocs/task-organizer/src/components/TasksDate.vue","statementMap":{"0":{"start":{"line":15,"column":0},"end":{"line":15,"column":null}},"1":{"start":{"line":16,"column":0},"end":{"line":16,"column":null}},"2":{"start":{"line":41,"column":0},"end":{"line":41,"column":null}}},"fnMap":{"0":{"name":"(anonymous_1)","decl":{"start":{"line":41,"column":0},"end":{"line":41,"column":null}},"loc":{"start":{"line":41,"column":0},"end":{"line":41,"column":null}}}},"branchMap":{},"s":{"0":1,"1":1,"2":0},"f":{"0":0},"b":{}}
,"/Applications/MAMP/htdocs/task-organizer/src/components/TimeframeDivs.vue": {"path":"/Applications/MAMP/htdocs/task-organizer/src/components/TimeframeDivs.vue","statementMap":{"0":{"start":{"line":33,"column":0},"end":{"line":33,"column":null}},"1":{"start":{"line":34,"column":0},"end":{"line":34,"column":null}},"2":{"start":{"line":35,"column":0},"end":{"line":35,"column":null}},"3":{"start":{"line":36,"column":0},"end":{"line":36,"column":null}},"4":{"start":{"line":62,"column":0},"end":{"line":62,"column":null}},"5":{"start":{"line":65,"column":0},"end":{"line":65,"column":null}},"6":{"start":{"line":66,"column":0},"end":{"line":66,"column":null}},"7":{"start":{"line":67,"column":0},"end":{"line":67,"column":null}},"8":{"start":{"line":69,"column":0},"end":{"line":71,"column":null}},"9":{"start":{"line":70,"column":0},"end":{"line":70,"column":null}},"10":{"start":{"line":73,"column":0},"end":{"line":82,"column":null}},"11":{"start":{"line":73,"column":0},"end":{"line":73,"column":null}},"12":{"start":{"line":74,"column":0},"end":{"line":79,"column":null}},"13":{"start":{"line":75,"column":0},"end":{"line":77,"column":null}},"14":{"start":{"line":76,"column":0},"end":{"line":76,"column":null}},"15":{"start":{"line":78,"column":0},"end":{"line":78,"column":null}},"16":{"start":{"line":81,"column":0},"end":{"line":81,"column":null}},"17":{"start":{"line":84,"column":0},"end":{"line":84,"column":null}},"18":{"start":{"line":89,"column":0},"end":{"line":89,"column":null}},"19":{"start":{"line":90,"column":0},"end":{"line":90,"column":null}},"20":{"start":{"line":93,"column":0},"end":{"line":93,"column":null}},"21":{"start":{"line":98,"column":0},"end":{"line":98,"column":null}},"22":{"start":{"line":99,"column":0},"end":{"line":99,"column":null}},"23":{"start":{"line":100,"column":0},"end":{"line":100,"column":null}},"24":{"start":{"line":101,"column":0},"end":{"line":101,"column":null}},"25":{"start":{"line":104,"column":0},"end":{"line":104,"column":null}},"26":{"start":{"line":106,"column":0},"end":{"line":106,"column":null}},"27":{"start":{"line":108,"column":0},"end":{"line":108,"column":null}},"28":{"start":{"line":110,"column":0},"end":{"line":110,"column":null}},"29":{"start":{"line":111,"column":0},"end":{"line":111,"column":null}},"30":{"start":{"line":112,"column":0},"end":{"line":112,"column":null}},"31":{"start":{"line":113,"column":0},"end":{"line":113,"column":null}},"32":{"start":{"line":114,"column":0},"end":{"line":114,"column":null}},"33":{"start":{"line":116,"column":0},"end":{"line":116,"column":null}},"34":{"start":{"line":120,"column":0},"end":{"line":120,"column":null}},"35":{"start":{"line":124,"column":0},"end":{"line":126,"column":null}},"36":{"start":{"line":125,"column":0},"end":{"line":125,"column":null}},"37":{"start":{"line":128,"column":0},"end":{"line":128,"column":null}},"38":{"start":{"line":133,"column":0},"end":{"line":136,"column":null}},"39":{"start":{"line":134,"column":0},"end":{"line":134,"column":null}},"40":{"start":{"line":135,"column":0},"end":{"line":135,"column":null}},"41":{"start":{"line":139,"column":0},"end":{"line":142,"column":null}},"42":{"start":{"line":140,"column":0},"end":{"line":140,"column":null}},"43":{"start":{"line":141,"column":0},"end":{"line":141,"column":null}},"44":{"start":{"line":145,"column":0},"end":{"line":152,"column":null}},"45":{"start":{"line":145,"column":0},"end":{"line":145,"column":null}},"46":{"start":{"line":146,"column":0},"end":{"line":146,"column":null}},"47":{"start":{"line":148,"column":0},"end":{"line":151,"column":null}},"48":{"start":{"line":149,"column":0},"end":{"line":149,"column":null}},"49":{"start":{"line":150,"column":0},"end":{"line":150,"column":null}},"50":{"start":{"line":155,"column":0},"end":{"line":155,"column":null}},"51":{"start":{"line":160,"column":0},"end":{"line":160,"column":null}},"52":{"start":{"line":163,"column":0},"end":{"line":175,"column":null}},"53":{"start":{"line":164,"column":0},"end":{"line":164,"column":null}},"54":{"start":{"line":166,"column":0},"end":{"line":169,"column":null}},"55":{"start":{"line":167,"column":0},"end":{"line":167,"column":null}},"56":{"start":{"line":168,"column":0},"end":{"line":168,"column":null}},"57":{"start":{"line":170,"column":0},"end":{"line":175,"column":null}},"58":{"start":{"line":171,"column":0},"end":{"line":174,"column":null}},"59":{"start":{"line":172,"column":0},"end":{"line":172,"column":null}},"60":{"start":{"line":173,"column":0},"end":{"line":173,"column":null}},"61":{"start":{"line":178,"column":0},"end":{"line":181,"column":null}},"62":{"start":{"line":188,"column":0},"end":{"line":188,"column":null}},"63":{"start":{"line":189,"column":0},"end":{"line":189,"column":null}},"64":{"start":{"line":191,"column":0},"end":{"line":191,"column":null}},"65":{"start":{"line":192,"column":0},"end":{"line":199,"column":null}},"66":{"start":{"line":193,"column":0},"end":{"line":198,"column":null}},"67":{"start":{"line":194,"column":0},"end":{"line":197,"column":null}},"68":{"start":{"line":195,"column":0},"end":{"line":195,"column":null}},"69":{"start":{"line":196,"column":0},"end":{"line":196,"column":null}},"70":{"start":{"line":200,"column":0},"end":{"line":200,"column":null}},"71":{"start":{"line":201,"column":0},"end":{"line":201,"column":null}}},"fnMap":{"0":{"name":"(anonymous_1)","decl":{"start":{"line":61,"column":0},"end":{"line":61,"column":null}},"loc":{"start":{"line":61,"column":0},"end":{"line":63,"column":null}}},"1":{"name":"(anonymous_2)","decl":{"start":{"line":64,"column":0},"end":{"line":64,"column":null}},"loc":{"start":{"line":64,"column":0},"end":{"line":85,"column":null}}},"2":{"name":"(anonymous_3)","decl":{"start":{"line":88,"column":0},"end":{"line":88,"column":null}},"loc":{"start":{"line":88,"column":0},"end":{"line":91,"column":null}}},"3":{"name":"(anonymous_4)","decl":{"start":{"line":92,"column":0},"end":{"line":92,"column":null}},"loc":{"start":{"line":92,"column":0},"end":{"line":94,"column":null}}},"4":{"name":"(anonymous_5)","decl":{"start":{"line":93,"column":0},"end":{"line":93,"column":null}},"loc":{"start":{"line":93,"column":0},"end":{"line":93,"column":null}}},"5":{"name":"(anonymous_6)","decl":{"start":{"line":97,"column":0},"end":{"line":97,"column":null}},"loc":{"start":{"line":97,"column":0},"end":{"line":118,"column":null}}},"6":{"name":"(anonymous_7)","decl":{"start":{"line":119,"column":0},"end":{"line":119,"column":null}},"loc":{"start":{"line":119,"column":0},"end":{"line":153,"column":null}}},"7":{"name":"(anonymous_8)","decl":{"start":{"line":154,"column":0},"end":{"line":154,"column":null}},"loc":{"start":{"line":154,"column":0},"end":{"line":176,"column":null}}},"8":{"name":"(anonymous_9)","decl":{"start":{"line":177,"column":0},"end":{"line":177,"column":null}},"loc":{"start":{"line":177,"column":0},"end":{"line":182,"column":null}}},"9":{"name":"(anonymous_10)","decl":{"start":{"line":187,"column":0},"end":{"line":187,"column":null}},"loc":{"start":{"line":187,"column":0},"end":{"line":202,"column":null}}},"10":{"name":"(anonymous_11)","decl":{"start":{"line":192,"column":0},"end":{"line":192,"column":null}},"loc":{"start":{"line":192,"column":0},"end":{"line":199,"column":null}}}},"branchMap":{"0":{"loc":{"start":{"line":69,"column":0},"end":{"line":71,"column":null}},"type":"if","locations":[{"start":{"line":69,"column":0},"end":{"line":71,"column":null}},{"start":{"line":69,"column":0},"end":{"line":71,"column":null}}]},"1":{"loc":{"start":{"line":74,"column":0},"end":{"line":79,"column":null}},"type":"if","locations":[{"start":{"line":74,"column":0},"end":{"line":79,"column":null}},{"start":{"line":74,"column":0},"end":{"line":79,"column":null}}]},"2":{"loc":{"start":{"line":75,"column":0},"end":{"line":77,"column":null}},"type":"if","locations":[{"start":{"line":75,"column":0},"end":{"line":77,"column":null}},{"start":{"line":75,"column":0},"end":{"line":77,"column":null}}]},"3":{"loc":{"start":{"line":75,"column":0},"end":{"line":75,"column":null}},"type":"binary-expr","locations":[{"start":{"line":75,"column":0},"end":{"line":75,"column":null}},{"start":{"line":75,"column":0},"end":{"line":75,"column":null}}]},"4":{"loc":{"start":{"line":105,"column":0},"end":{"line":106,"column":null}},"type":"switch","locations":[{"start":{"line":105,"column":0},"end":{"line":106,"column":null}},{"start":{"line":107,"column":0},"end":{"line":108,"column":null}},{"start":{"line":109,"column":0},"end":{"line":114,"column":null}},{"start":{"line":115,"column":0},"end":{"line":116,"column":null}}]},"5":{"loc":{"start":{"line":124,"column":0},"end":{"line":126,"column":null}},"type":"if","locations":[{"start":{"line":124,"column":0},"end":{"line":126,"column":null}},{"start":{"line":124,"column":0},"end":{"line":126,"column":null}}]},"6":{"loc":{"start":{"line":133,"column":0},"end":{"line":136,"column":null}},"type":"if","locations":[{"start":{"line":133,"column":0},"end":{"line":136,"column":null}},{"start":{"line":133,"column":0},"end":{"line":136,"column":null}}]},"7":{"loc":{"start":{"line":139,"column":0},"end":{"line":142,"column":null}},"type":"if","locations":[{"start":{"line":139,"column":0},"end":{"line":142,"column":null}},{"start":{"line":139,"column":0},"end":{"line":142,"column":null}}]},"8":{"loc":{"start":{"line":148,"column":0},"end":{"line":151,"column":null}},"type":"if","locations":[{"start":{"line":148,"column":0},"end":{"line":151,"column":null}},{"start":{"line":148,"column":0},"end":{"line":151,"column":null}}]},"9":{"loc":{"start":{"line":163,"column":0},"end":{"line":175,"column":null}},"type":"if","locations":[{"start":{"line":163,"column":0},"end":{"line":175,"column":null}},{"start":{"line":163,"column":0},"end":{"line":175,"column":null}}]},"10":{"loc":{"start":{"line":166,"column":0},"end":{"line":169,"column":null}},"type":"if","locations":[{"start":{"line":166,"column":0},"end":{"line":169,"column":null}},{"start":{"line":166,"column":0},"end":{"line":169,"column":null}}]},"11":{"loc":{"start":{"line":170,"column":0},"end":{"line":175,"column":null}},"type":"if","locations":[{"start":{"line":170,"column":0},"end":{"line":175,"column":null}},{"start":{"line":170,"column":0},"end":{"line":175,"column":null}}]},"12":{"loc":{"start":{"line":171,"column":0},"end":{"line":174,"column":null}},"type":"if","locations":[{"start":{"line":171,"column":0},"end":{"line":174,"column":null}},{"start":{"line":171,"column":0},"end":{"line":174,"column":null}}]},"13":{"loc":{"start":{"line":194,"column":0},"end":{"line":197,"column":null}},"type":"if","locations":[{"start":{"line":194,"column":0},"end":{"line":197,"column":null}},{"start":{"line":194,"column":0},"end":{"line":197,"column":null}}]}},"s":{"0":1,"1":1,"2":1,"3":1,"4":1,"5":1,"6":1,"7":1,"8":1,"9":0,"10":1,"11":1,"12":0,"13":0,"14":0,"15":0,"16":0,"17":1,"18":0,"19":0,"20":0,"21":0,"22":0,"23":0,"24":0,"25":0,"26":0,"27":0,"28":0,"29":0,"30":0,"31":0,"32":0,"33":0,"34":0,"35":0,"36":0,"37":0,"38":0,"39":0,"40":0,"41":0,"42":0,"43":0,"44":0,"45":0,"46":0,"47":0,"48":0,"49":0,"50":0,"51":0,"52":0,"53":0,"54":0,"55":0,"56":0,"57":0,"58":0,"59":0,"60":0,"61":0,"62":1,"63":1,"64":1,"65":1,"66":0,"67":0,"68":0,"69":0,"70":1,"71":1},"f":{"0":1,"1":1,"2":0,"3":0,"4":0,"5":0,"6":0,"7":0,"8":0,"9":1,"10":0},"b":{"0":[0,1],"1":[0,0],"2":[0,0],"3":[0,0],"4":[0,0,0,0],"5":[0,0],"6":[0,0],"7":[0,0],"8":[0,0],"9":[0,0],"10":[0,0],"11":[0,0],"12":[0,0],"13":[0,0]}}
,"/Applications/MAMP/htdocs/task-organizer/src/components/ViewTask.vue": {"path":"/Applications/MAMP/htdocs/task-organizer/src/components/ViewTask.vue","statementMap":{"0":{"start":{"line":47,"column":0},"end":{"line":47,"column":null}},"1":{"start":{"line":48,"column":0},"end":{"line":48,"column":null}},"2":{"start":{"line":49,"column":0},"end":{"line":49,"column":null}},"3":{"start":{"line":50,"column":0},"end":{"line":50,"column":null}},"4":{"start":{"line":55,"column":0},"end":{"line":55,"column":null}},"5":{"start":{"line":61,"column":0},"end":{"line":61,"column":null}},"6":{"start":{"line":64,"column":0},"end":{"line":68,"column":null}},"7":{"start":{"line":65,"column":0},"end":{"line":67,"column":null}},"8":{"start":{"line":66,"column":0},"end":{"line":66,"column":null}},"9":{"start":{"line":70,"column":0},"end":{"line":70,"column":null}},"10":{"start":{"line":73,"column":0},"end":{"line":73,"column":null}},"11":{"start":{"line":82,"column":0},"end":{"line":82,"column":null}},"12":{"start":{"line":85,"column":0},"end":{"line":85,"column":null}},"13":{"start":{"line":86,"column":0},"end":{"line":86,"column":null}},"14":{"start":{"line":89,"column":0},"end":{"line":89,"column":null}},"15":{"start":{"line":101,"column":0},"end":{"line":101,"column":null}},"16":{"start":{"line":104,"column":0},"end":{"line":104,"column":null}},"17":{"start":{"line":111,"column":0},"end":{"line":111,"column":null}}},"fnMap":{"0":{"name":"(anonymous_1)","decl":{"start":{"line":54,"column":0},"end":{"line":54,"column":null}},"loc":{"start":{"line":54,"column":0},"end":{"line":58,"column":null}}},"1":{"name":"(anonymous_2)","decl":{"start":{"line":60,"column":0},"end":{"line":60,"column":null}},"loc":{"start":{"line":60,"column":0},"end":{"line":71,"column":null}}},"2":{"name":"(anonymous_3)","decl":{"start":{"line":64,"column":0},"end":{"line":64,"column":null}},"loc":{"start":{"line":64,"column":0},"end":{"line":68,"column":null}}},"3":{"name":"(anonymous_4)","decl":{"start":{"line":72,"column":0},"end":{"line":72,"column":null}},"loc":{"start":{"line":72,"column":0},"end":{"line":74,"column":null}}},"4":{"name":"(anonymous_5)","decl":{"start":{"line":81,"column":0},"end":{"line":81,"column":null}},"loc":{"start":{"line":81,"column":0},"end":{"line":83,"column":null}}},"5":{"name":"(anonymous_6)","decl":{"start":{"line":84,"column":0},"end":{"line":84,"column":null}},"loc":{"start":{"line":84,"column":0},"end":{"line":87,"column":null}}},"6":{"name":"(anonymous_7)","decl":{"start":{"line":88,"column":0},"end":{"line":88,"column":null}},"loc":{"start":{"line":88,"column":0},"end":{"line":90,"column":null}}},"7":{"name":"(anonymous_8)","decl":{"start":{"line":100,"column":0},"end":{"line":100,"column":null}},"loc":{"start":{"line":100,"column":0},"end":{"line":102,"column":null}}},"8":{"name":"(anonymous_9)","decl":{"start":{"line":103,"column":0},"end":{"line":103,"column":null}},"loc":{"start":{"line":103,"column":0},"end":{"line":105,"column":null}}},"9":{"name":"(anonymous_10)","decl":{"start":{"line":110,"column":0},"end":{"line":110,"column":null}},"loc":{"start":{"line":110,"column":0},"end":{"line":112,"column":null}}}},"branchMap":{"0":{"loc":{"start":{"line":65,"column":0},"end":{"line":67,"column":null}},"type":"if","locations":[{"start":{"line":65,"column":0},"end":{"line":67,"column":null}},{"start":{"line":65,"column":0},"end":{"line":67,"column":null}}]},"1":{"loc":{"start":{"line":65,"column":0},"end":{"line":65,"column":null}},"type":"binary-expr","locations":[{"start":{"line":65,"column":0},"end":{"line":65,"column":null}},{"start":{"line":65,"column":0},"end":{"line":65,"column":null}}]}},"s":{"0":1,"1":1,"2":1,"3":1,"4":5,"5":0,"6":0,"7":0,"8":0,"9":0,"10":5,"11":5,"12":5,"13":5,"14":5,"15":1,"16":0,"17":5},"f":{"0":5,"1":0,"2":0,"3":5,"4":5,"5":5,"6":5,"7":1,"8":0,"9":5},"b":{"0":[0,0],"1":[0,0]}}
,"/Applications/MAMP/htdocs/task-organizer/src/js/dateDiff.js": {"path":"/Applications/MAMP/htdocs/task-organizer/src/js/dateDiff.js","statementMap":{"0":{"start":{"line":2,"column":17},"end":{"line":2,"column":36}},"1":{"start":{"line":3,"column":15},"end":{"line":3,"column":54}},"2":{"start":{"line":5,"column":2},"end":{"line":5,"column":14}},"3":{"start":{"line":9,"column":15},"end":{"line":9,"column":40}},"4":{"start":{"line":10,"column":20},"end":{"line":10,"column":40}},"5":{"start":{"line":12,"column":2},"end":{"line":12,"column":19}},"6":{"start":{"line":16,"column":16},"end":{"line":16,"column":42}},"7":{"start":{"line":17,"column":17},"end":{"line":17,"column":72}},"8":{"start":{"line":19,"column":2},"end":{"line":19,"column":16}},"9":{"start":{"line":23,"column":16},"end":{"line":23,"column":60}},"10":{"start":{"line":25,"column":2},"end":{"line":25,"column":15}}},"fnMap":{"0":{"name":"daysDiff","decl":{"start":{"line":1,"column":9},"end":{"line":1,"column":17}},"loc":{"start":{"line":1,"column":36},"end":{"line":6,"column":1}},"line":1},"1":{"name":"weeksDiff","decl":{"start":{"line":8,"column":9},"end":{"line":8,"column":18}},"loc":{"start":{"line":8,"column":37},"end":{"line":13,"column":1}},"line":8},"2":{"name":"monthsDiff","decl":{"start":{"line":15,"column":9},"end":{"line":15,"column":19}},"loc":{"start":{"line":15,"column":38},"end":{"line":20,"column":1}},"line":15},"3":{"name":"yearsDiff","decl":{"start":{"line":22,"column":9},"end":{"line":22,"column":18}},"loc":{"start":{"line":22,"column":37},"end":{"line":26,"column":1}},"line":22}},"branchMap":{},"s":{"0":2,"1":2,"2":2,"3":1,"4":1,"5":1,"6":1,"7":1,"8":1,"9":12,"10":12},"f":{"0":2,"1":1,"2":1,"3":12},"b":{},"_coverageSchema":"43e27e138ebf9cfc5966b082cf9a028302ed4184","hash":"d79b7d8c73a7088228888b85ed4119c0e5be4026"}
,"/Applications/MAMP/htdocs/task-organizer/src/js/sharedFunctions.js": {"path":"/Applications/MAMP/htdocs/task-organizer/src/js/sharedFunctions.js","statementMap":{"0":{"start":{"line":6,"column":2},"end":{"line":19,"column":3}},"1":{"start":{"line":8,"column":6},"end":{"line":8,"column":41}},"2":{"start":{"line":9,"column":6},"end":{"line":9,"column":12}},"3":{"start":{"line":11,"column":6},"end":{"line":11,"column":42}},"4":{"start":{"line":12,"column":6},"end":{"line":12,"column":12}},"5":{"start":{"line":14,"column":6},"end":{"line":14,"column":41}},"6":{"start":{"line":15,"column":6},"end":{"line":15,"column":12}},"7":{"start":{"line":17,"column":6},"end":{"line":17,"column":40}},"8":{"start":{"line":18,"column":6},"end":{"line":18,"column":12}},"9":{"start":{"line":21,"column":2},"end":{"line":21,"column":15}},"10":{"start":{"line":25,"column":13},"end":{"line":25,"column":23}},"11":{"start":{"line":26,"column":12},"end":{"line":26,"column":35}},"12":{"start":{"line":27,"column":14},"end":{"line":27,"column":42}},"13":{"start":{"line":28,"column":13},"end":{"line":28,"column":31}},"14":{"start":{"line":30,"column":2},"end":{"line":30,"column":35}},"15":{"start":{"line":34,"column":2},"end":{"line":36,"column":3}},"16":{"start":{"line":35,"column":4},"end":{"line":35,"column":20}},"17":{"start":{"line":38,"column":2},"end":{"line":38,"column":13}},"18":{"start":{"line":42,"column":2},"end":{"line":44,"column":3}},"19":{"start":{"line":43,"column":4},"end":{"line":43,"column":31}},"20":{"start":{"line":46,"column":13},"end":{"line":46,"column":31}},"21":{"start":{"line":47,"column":14},"end":{"line":47,"column":29}},"22":{"start":{"line":48,"column":12},"end":{"line":48,"column":26}},"23":{"start":{"line":51,"column":2},"end":{"line":61,"column":3}},"24":{"start":{"line":53,"column":6},"end":{"line":53,"column":40}},"25":{"start":{"line":54,"column":6},"end":{"line":54,"column":12}},"26":{"start":{"line":56,"column":6},"end":{"line":56,"column":44}},"27":{"start":{"line":57,"column":6},"end":{"line":57,"column":12}},"28":{"start":{"line":59,"column":6},"end":{"line":59,"column":49}},"29":{"start":{"line":60,"column":6},"end":{"line":60,"column":12}},"30":{"start":{"line":63,"column":2},"end":{"line":63,"column":23}},"31":{"start":{"line":67,"column":13},"end":{"line":67,"column":33}},"32":{"start":{"line":68,"column":12},"end":{"line":68,"column":35}},"33":{"start":{"line":69,"column":14},"end":{"line":69,"column":42}},"34":{"start":{"line":70,"column":13},"end":{"line":70,"column":31}},"35":{"start":{"line":72,"column":2},"end":{"line":72,"column":35}},"36":{"start":{"line":76,"column":2},"end":{"line":80,"column":3}},"37":{"start":{"line":77,"column":4},"end":{"line":77,"column":38}},"38":{"start":{"line":78,"column":9},"end":{"line":80,"column":3}},"39":{"start":{"line":79,"column":4},"end":{"line":79,"column":56}},"40":{"start":{"line":82,"column":2},"end":{"line":82,"column":14}},"41":{"start":{"line":88,"column":2},"end":{"line":88,"column":24}},"42":{"start":{"line":90,"column":2},"end":{"line":93,"column":3}},"43":{"start":{"line":90,"column":15},"end":{"line":90,"column":16}},"44":{"start":{"line":91,"column":4},"end":{"line":91,"column":47}},"45":{"start":{"line":92,"column":4},"end":{"line":92,"column":40}}},"fnMap":{"0":{"name":"getDateIndex","decl":{"start":{"line":3,"column":9},"end":{"line":3,"column":21}},"loc":{"start":{"line":3,"column":51},"end":{"line":22,"column":1}},"line":3},"1":{"name":"currentDate","decl":{"start":{"line":24,"column":9},"end":{"line":24,"column":20}},"loc":{"start":{"line":24,"column":24},"end":{"line":31,"column":1}},"line":24},"2":{"name":"addZero","decl":{"start":{"line":33,"column":9},"end":{"line":33,"column":16}},"loc":{"start":{"line":33,"column":23},"end":{"line":39,"column":1}},"line":33},"3":{"name":"setDateToTimeframe","decl":{"start":{"line":41,"column":9},"end":{"line":41,"column":27}},"loc":{"start":{"line":41,"column":46},"end":{"line":64,"column":1}},"line":41},"4":{"name":"formatDate","decl":{"start":{"line":66,"column":9},"end":{"line":66,"column":19}},"loc":{"start":{"line":66,"column":33},"end":{"line":73,"column":1}},"line":66},"5":{"name":"setWeeklyDate","decl":{"start":{"line":75,"column":9},"end":{"line":75,"column":22}},"loc":{"start":{"line":75,"column":30},"end":{"line":83,"column":1}},"line":75},"6":{"name":"nodeDFS","decl":{"start":{"line":85,"column":9},"end":{"line":85,"column":16}},"loc":{"start":{"line":85,"column":48},"end":{"line":94,"column":1}},"line":85}},"branchMap":{"0":{"loc":{"start":{"line":6,"column":2},"end":{"line":19,"column":3}},"type":"switch","locations":[{"start":{"line":7,"column":4},"end":{"line":9,"column":12}},{"start":{"line":10,"column":4},"end":{"line":12,"column":12}},{"start":{"line":13,"column":4},"end":{"line":15,"column":12}},{"start":{"line":16,"column":4},"end":{"line":18,"column":12}}],"line":6},"1":{"loc":{"start":{"line":34,"column":2},"end":{"line":36,"column":3}},"type":"if","locations":[{"start":{"line":34,"column":2},"end":{"line":36,"column":3}},{"start":{"line":34,"column":2},"end":{"line":36,"column":3}}],"line":34},"2":{"loc":{"start":{"line":42,"column":2},"end":{"line":44,"column":3}},"type":"if","locations":[{"start":{"line":42,"column":2},"end":{"line":44,"column":3}},{"start":{"line":42,"column":2},"end":{"line":44,"column":3}}],"line":42},"3":{"loc":{"start":{"line":51,"column":2},"end":{"line":61,"column":3}},"type":"switch","locations":[{"start":{"line":52,"column":4},"end":{"line":54,"column":12}},{"start":{"line":55,"column":4},"end":{"line":57,"column":12}},{"start":{"line":58,"column":4},"end":{"line":60,"column":12}}],"line":51},"4":{"loc":{"start":{"line":76,"column":2},"end":{"line":80,"column":3}},"type":"if","locations":[{"start":{"line":76,"column":2},"end":{"line":80,"column":3}},{"start":{"line":76,"column":2},"end":{"line":80,"column":3}}],"line":76},"5":{"loc":{"start":{"line":78,"column":9},"end":{"line":80,"column":3}},"type":"if","locations":[{"start":{"line":78,"column":9},"end":{"line":80,"column":3}},{"start":{"line":78,"column":9},"end":{"line":80,"column":3}}],"line":78}},"s":{"0":14,"1":11,"2":11,"3":1,"4":1,"5":1,"6":1,"7":1,"8":1,"9":14,"10":7,"11":7,"12":7,"13":7,"14":7,"15":186,"16":137,"17":186,"18":8,"19":2,"20":8,"21":8,"22":8,"23":8,"24":2,"25":2,"26":2,"27":2,"28":4,"29":4,"30":8,"31":19,"32":19,"33":19,"34":19,"35":19,"36":4,"37":1,"38":3,"39":3,"40":4,"41":10,"42":10,"43":10,"44":0,"45":0},"f":{"0":14,"1":7,"2":186,"3":8,"4":19,"5":4,"6":10},"b":{"0":[11,1,1,1],"1":[137,49],"2":[2,6],"3":[2,2,4],"4":[1,3],"5":[3,0]},"_coverageSchema":"43e27e138ebf9cfc5966b082cf9a028302ed4184","hash":"1792276a62a26b52f95017b864804ca510adee2c"}
,"/Applications/MAMP/htdocs/task-organizer/src/js/sharedMethods.js": {"path":"/Applications/MAMP/htdocs/task-organizer/src/js/sharedMethods.js","statementMap":{"0":{"start":{"line":4,"column":2},"end":{"line":7,"column":3}},"1":{"start":{"line":5,"column":4},"end":{"line":5,"column":60}},"2":{"start":{"line":6,"column":4},"end":{"line":6,"column":17}},"3":{"start":{"line":11,"column":16},"end":{"line":11,"column":39}},"4":{"start":{"line":12,"column":2},"end":{"line":14,"column":3}},"5":{"start":{"line":13,"column":4},"end":{"line":13,"column":28}},"6":{"start":{"line":16,"column":2},"end":{"line":18,"column":3}},"7":{"start":{"line":17,"column":4},"end":{"line":17,"column":35}},"8":{"start":{"line":20,"column":2},"end":{"line":22,"column":3}},"9":{"start":{"line":21,"column":4},"end":{"line":21,"column":33}},"10":{"start":{"line":24,"column":2},"end":{"line":26,"column":3}},"11":{"start":{"line":25,"column":4},"end":{"line":25,"column":33}},"12":{"start":{"line":28,"column":2},"end":{"line":30,"column":3}},"13":{"start":{"line":29,"column":4},"end":{"line":29,"column":31}},"14":{"start":{"line":32,"column":2},"end":{"line":36,"column":3}},"15":{"start":{"line":33,"column":4},"end":{"line":35,"column":5}},"16":{"start":{"line":34,"column":6},"end":{"line":34,"column":19}},"17":{"start":{"line":38,"column":2},"end":{"line":38,"column":14}}},"fnMap":{"0":{"name":"cancelByEsc","decl":{"start":{"line":3,"column":9},"end":{"line":3,"column":20}},"loc":{"start":{"line":3,"column":25},"end":{"line":8,"column":1}},"line":3},"1":{"name":"validateTasks","decl":{"start":{"line":10,"column":9},"end":{"line":10,"column":22}},"loc":{"start":{"line":10,"column":26},"end":{"line":39,"column":1}},"line":10}},"branchMap":{"0":{"loc":{"start":{"line":4,"column":2},"end":{"line":7,"column":3}},"type":"if","locations":[{"start":{"line":4,"column":2},"end":{"line":7,"column":3}},{"start":{"line":4,"column":2},"end":{"line":7,"column":3}}],"line":4},"1":{"loc":{"start":{"line":12,"column":2},"end":{"line":14,"column":3}},"type":"if","locations":[{"start":{"line":12,"column":2},"end":{"line":14,"column":3}},{"start":{"line":12,"column":2},"end":{"line":14,"column":3}}],"line":12},"2":{"loc":{"start":{"line":12,"column":6},"end":{"line":12,"column":33}},"type":"binary-expr","locations":[{"start":{"line":12,"column":6},"end":{"line":12,"column":17}},{"start":{"line":12,"column":21},"end":{"line":12,"column":33}}],"line":12},"3":{"loc":{"start":{"line":16,"column":2},"end":{"line":18,"column":3}},"type":"if","locations":[{"start":{"line":16,"column":2},"end":{"line":18,"column":3}},{"start":{"line":16,"column":2},"end":{"line":18,"column":3}}],"line":16},"4":{"loc":{"start":{"line":20,"column":2},"end":{"line":22,"column":3}},"type":"if","locations":[{"start":{"line":20,"column":2},"end":{"line":22,"column":3}},{"start":{"line":20,"column":2},"end":{"line":22,"column":3}}],"line":20},"5":{"loc":{"start":{"line":24,"column":2},"end":{"line":26,"column":3}},"type":"if","locations":[{"start":{"line":24,"column":2},"end":{"line":26,"column":3}},{"start":{"line":24,"column":2},"end":{"line":26,"column":3}}],"line":24},"6":{"loc":{"start":{"line":28,"column":2},"end":{"line":30,"column":3}},"type":"if","locations":[{"start":{"line":28,"column":2},"end":{"line":30,"column":3}},{"start":{"line":28,"column":2},"end":{"line":30,"column":3}}],"line":28},"7":{"loc":{"start":{"line":33,"column":4},"end":{"line":35,"column":5}},"type":"if","locations":[{"start":{"line":33,"column":4},"end":{"line":35,"column":5}},{"start":{"line":33,"column":4},"end":{"line":35,"column":5}}],"line":33}},"s":{"0":0,"1":0,"2":0,"3":4,"4":4,"5":2,"6":4,"7":2,"8":4,"9":2,"10":4,"11":2,"12":4,"13":2,"14":4,"15":12,"16":2,"17":2},"f":{"0":0,"1":4},"b":{"0":[0,0],"1":[2,2],"2":[4,2],"3":[2,2],"4":[2,2],"5":[2,2],"6":[2,2],"7":[2,10]},"_coverageSchema":"43e27e138ebf9cfc5966b082cf9a028302ed4184","hash":"bb4317c79afb81fbc2e1e77c3a913156838c18fe"}
,"/Applications/MAMP/htdocs/task-organizer/src/js/newTask/newTaskComputed.js": {"path":"/Applications/MAMP/htdocs/task-organizer/src/js/newTask/newTaskComputed.js","statementMap":{"0":{"start":{"line":6,"column":2},"end":{"line":10,"column":3}},"1":{"start":{"line":7,"column":4},"end":{"line":7,"column":63}},"2":{"start":{"line":9,"column":4},"end":{"line":9,"column":50}},"3":{"start":{"line":12,"column":2},"end":{"line":12,"column":22}},"4":{"start":{"line":19,"column":2},"end":{"line":24,"column":3}},"5":{"start":{"line":20,"column":18},"end":{"line":20,"column":28}},"6":{"start":{"line":21,"column":4},"end":{"line":21,"column":81}},"7":{"start":{"line":23,"column":4},"end":{"line":23,"column":50}},"8":{"start":{"line":26,"column":2},"end":{"line":26,"column":92}},"9":{"start":{"line":28,"column":2},"end":{"line":28,"column":22}},"10":{"start":{"line":33,"column":18},"end":{"line":33,"column":42}},"11":{"start":{"line":34,"column":21},"end":{"line":34,"column":48}},"12":{"start":{"line":36,"column":2},"end":{"line":40,"column":3}},"13":{"start":{"line":37,"column":4},"end":{"line":37,"column":86}},"14":{"start":{"line":39,"column":4},"end":{"line":39,"column":89}},"15":{"start":{"line":42,"column":2},"end":{"line":42,"column":46}},"16":{"start":{"line":48,"column":2},"end":{"line":53,"column":3}},"17":{"start":{"line":49,"column":16},"end":{"line":49,"column":26}},"18":{"start":{"line":50,"column":4},"end":{"line":50,"column":113}},"19":{"start":{"line":52,"column":4},"end":{"line":52,"column":46}},"20":{"start":{"line":55,"column":2},"end":{"line":55,"column":20}}},"fnMap":{"0":{"name":"startDateMin","decl":{"start":{"line":3,"column":9},"end":{"line":3,"column":21}},"loc":{"start":{"line":3,"column":25},"end":{"line":13,"column":1}},"line":3},"1":{"name":"startDateMax","decl":{"start":{"line":15,"column":9},"end":{"line":15,"column":21}},"loc":{"start":{"line":15,"column":25},"end":{"line":29,"column":1}},"line":15},"2":{"name":"endDateMin","decl":{"start":{"line":31,"column":9},"end":{"line":31,"column":19}},"loc":{"start":{"line":31,"column":23},"end":{"line":43,"column":1}},"line":31},"3":{"name":"endDateMax","decl":{"start":{"line":45,"column":9},"end":{"line":45,"column":19}},"loc":{"start":{"line":45,"column":23},"end":{"line":56,"column":1}},"line":45}},"branchMap":{"0":{"loc":{"start":{"line":6,"column":2},"end":{"line":10,"column":3}},"type":"if","locations":[{"start":{"line":6,"column":2},"end":{"line":10,"column":3}},{"start":{"line":6,"column":2},"end":{"line":10,"column":3}}],"line":6},"1":{"loc":{"start":{"line":19,"column":2},"end":{"line":24,"column":3}},"type":"if","locations":[{"start":{"line":19,"column":2},"end":{"line":24,"column":3}},{"start":{"line":19,"column":2},"end":{"line":24,"column":3}}],"line":19},"2":{"loc":{"start":{"line":36,"column":2},"end":{"line":40,"column":3}},"type":"if","locations":[{"start":{"line":36,"column":2},"end":{"line":40,"column":3}},{"start":{"line":36,"column":2},"end":{"line":40,"column":3}}],"line":36},"3":{"loc":{"start":{"line":48,"column":2},"end":{"line":53,"column":3}},"type":"if","locations":[{"start":{"line":48,"column":2},"end":{"line":53,"column":3}},{"start":{"line":48,"column":2},"end":{"line":53,"column":3}}],"line":48}},"s":{"0":10,"1":10,"2":0,"3":10,"4":12,"5":12,"6":12,"7":0,"8":12,"9":12,"10":18,"11":18,"12":18,"13":11,"14":7,"15":18,"16":10,"17":10,"18":10,"19":0,"20":10},"f":{"0":10,"1":12,"2":18,"3":10},"b":{"0":[10,0],"1":[12,0],"2":[11,7],"3":[10,0]},"_coverageSchema":"43e27e138ebf9cfc5966b082cf9a028302ed4184","hash":"2166a3004bbe3cae5f244cf911707f088851d7c6"}
,"/Applications/MAMP/htdocs/task-organizer/src/js/newTask/newTaskFunctions.js": {"path":"/Applications/MAMP/htdocs/task-organizer/src/js/newTask/newTaskFunctions.js","statementMap":{"0":{"start":{"line":4,"column":13},"end":{"line":4,"column":31}},"1":{"start":{"line":5,"column":14},"end":{"line":5,"column":29}},"2":{"start":{"line":6,"column":12},"end":{"line":6,"column":26}},"3":{"start":{"line":9,"column":2},"end":{"line":19,"column":3}},"4":{"start":{"line":11,"column":6},"end":{"line":11,"column":43}},"5":{"start":{"line":12,"column":6},"end":{"line":12,"column":12}},"6":{"start":{"line":14,"column":6},"end":{"line":14,"column":45}},"7":{"start":{"line":15,"column":6},"end":{"line":15,"column":12}},"8":{"start":{"line":17,"column":6},"end":{"line":17,"column":41}},"9":{"start":{"line":18,"column":6},"end":{"line":18,"column":12}},"10":{"start":{"line":21,"column":2},"end":{"line":21,"column":39}},"11":{"start":{"line":23,"column":2},"end":{"line":23,"column":17}},"12":{"start":{"line":28,"column":2},"end":{"line":35,"column":3}},"13":{"start":{"line":30,"column":6},"end":{"line":30,"column":27}},"14":{"start":{"line":31,"column":6},"end":{"line":31,"column":12}},"15":{"start":{"line":33,"column":6},"end":{"line":33,"column":27}},"16":{"start":{"line":34,"column":6},"end":{"line":34,"column":12}},"17":{"start":{"line":37,"column":2},"end":{"line":37,"column":16}},"18":{"start":{"line":41,"column":13},"end":{"line":41,"column":31}},"19":{"start":{"line":42,"column":14},"end":{"line":42,"column":42}},"20":{"start":{"line":43,"column":12},"end":{"line":43,"column":35}},"21":{"start":{"line":45,"column":2},"end":{"line":45,"column":35}},"22":{"start":{"line":49,"column":2},"end":{"line":51,"column":3}},"23":{"start":{"line":50,"column":4},"end":{"line":50,"column":17}},"24":{"start":{"line":53,"column":2},"end":{"line":53,"column":24}},"25":{"start":{"line":54,"column":2},"end":{"line":54,"column":30}},"26":{"start":{"line":55,"column":2},"end":{"line":55,"column":30}},"27":{"start":{"line":57,"column":2},"end":{"line":59,"column":3}},"28":{"start":{"line":58,"column":4},"end":{"line":58,"column":16}},"29":{"start":{"line":61,"column":2},"end":{"line":61,"column":15}}},"fnMap":{"0":{"name":"dateOperatorTimeframe","decl":{"start":{"line":3,"column":9},"end":{"line":3,"column":30}},"loc":{"start":{"line":3,"column":59},"end":{"line":24,"column":1}},"line":3},"1":{"name":"updateDate","decl":{"start":{"line":26,"column":9},"end":{"line":26,"column":19}},"loc":{"start":{"line":26,"column":43},"end":{"line":38,"column":1}},"line":26},"2":{"name":"convertDateToInputString","decl":{"start":{"line":40,"column":9},"end":{"line":40,"column":33}},"loc":{"start":{"line":40,"column":41},"end":{"line":46,"column":1}},"line":40},"3":{"name":"validDate","decl":{"start":{"line":48,"column":9},"end":{"line":48,"column":18}},"loc":{"start":{"line":48,"column":44},"end":{"line":62,"column":1}},"line":48}},"branchMap":{"0":{"loc":{"start":{"line":9,"column":2},"end":{"line":19,"column":3}},"type":"switch","locations":[{"start":{"line":10,"column":4},"end":{"line":12,"column":12}},{"start":{"line":13,"column":4},"end":{"line":15,"column":12}},{"start":{"line":16,"column":4},"end":{"line":18,"column":12}}],"line":9},"1":{"loc":{"start":{"line":28,"column":2},"end":{"line":35,"column":3}},"type":"switch","locations":[{"start":{"line":29,"column":4},"end":{"line":31,"column":12}},{"start":{"line":32,"column":4},"end":{"line":34,"column":12}}],"line":28},"2":{"loc":{"start":{"line":49,"column":2},"end":{"line":51,"column":3}},"type":"if","locations":[{"start":{"line":49,"column":2},"end":{"line":51,"column":3}},{"start":{"line":49,"column":2},"end":{"line":51,"column":3}}],"line":49},"3":{"loc":{"start":{"line":49,"column":6},"end":{"line":49,"column":68}},"type":"binary-expr","locations":[{"start":{"line":49,"column":6},"end":{"line":49,"column":22}},{"start":{"line":49,"column":26},"end":{"line":49,"column":45}},{"start":{"line":49,"column":49},"end":{"line":49,"column":68}}],"line":49},"4":{"loc":{"start":{"line":57,"column":2},"end":{"line":59,"column":3}},"type":"if","locations":[{"start":{"line":57,"column":2},"end":{"line":59,"column":3}},{"start":{"line":57,"column":2},"end":{"line":59,"column":3}}],"line":57},"5":{"loc":{"start":{"line":57,"column":6},"end":{"line":57,"column":40}},"type":"binary-expr","locations":[{"start":{"line":57,"column":6},"end":{"line":57,"column":21}},{"start":{"line":57,"column":25},"end":{"line":57,"column":40}}],"line":57}},"s":{"0":43,"1":43,"2":43,"3":43,"4":15,"5":15,"6":1,"7":1,"8":1,"9":1,"10":43,"11":43,"12":17,"13":10,"14":10,"15":7,"16":7,"17":17,"18":66,"19":66,"20":66,"21":66,"22":15,"23":1,"24":14,"25":14,"26":14,"27":14,"28":5,"29":9},"f":{"0":43,"1":17,"2":66,"3":15},"b":{"0":[15,1,1],"1":[10,7],"2":[1,14],"3":[15,14,14],"4":[5,9],"5":[14,5]},"_coverageSchema":"43e27e138ebf9cfc5966b082cf9a028302ed4184","hash":"1f910607d32a5ae43afb36853579ee2a3c3985eb"}
,"/Applications/MAMP/htdocs/task-organizer/src/js/newTask/newTaskWatchers.js": {"path":"/Applications/MAMP/htdocs/task-organizer/src/js/newTask/newTaskWatchers.js","statementMap":{"0":{"start":{"line":4,"column":2},"end":{"line":8,"column":3}},"1":{"start":{"line":5,"column":4},"end":{"line":5,"column":52}},"2":{"start":{"line":7,"column":4},"end":{"line":7,"column":58}},"3":{"start":{"line":12,"column":2},"end":{"line":16,"column":3}},"4":{"start":{"line":13,"column":4},"end":{"line":15,"column":5}},"5":{"start":{"line":14,"column":6},"end":{"line":14,"column":31}},"6":{"start":{"line":20,"column":2},"end":{"line":24,"column":3}},"7":{"start":{"line":21,"column":4},"end":{"line":23,"column":5}},"8":{"start":{"line":22,"column":6},"end":{"line":22,"column":38}},"9":{"start":{"line":29,"column":2},"end":{"line":33,"column":3}},"10":{"start":{"line":30,"column":4},"end":{"line":32,"column":5}},"11":{"start":{"line":31,"column":6},"end":{"line":31,"column":36}},"12":{"start":{"line":35,"column":2},"end":{"line":35,"column":101}},"13":{"start":{"line":39,"column":2},"end":{"line":43,"column":3}},"14":{"start":{"line":40,"column":4},"end":{"line":42,"column":5}},"15":{"start":{"line":41,"column":6},"end":{"line":41,"column":36}},"16":{"start":{"line":45,"column":2},"end":{"line":45,"column":101}},"17":{"start":{"line":49,"column":2},"end":{"line":53,"column":3}},"18":{"start":{"line":50,"column":4},"end":{"line":52,"column":5}},"19":{"start":{"line":51,"column":6},"end":{"line":51,"column":34}}},"fnMap":{"0":{"name":"parentId","decl":{"start":{"line":3,"column":9},"end":{"line":3,"column":17}},"loc":{"start":{"line":3,"column":24},"end":{"line":9,"column":1}},"line":3},"1":{"name":"task","decl":{"start":{"line":11,"column":9},"end":{"line":11,"column":13}},"loc":{"start":{"line":11,"column":17},"end":{"line":17,"column":1}},"line":11},"2":{"name":"description","decl":{"start":{"line":19,"column":9},"end":{"line":19,"column":20}},"loc":{"start":{"line":19,"column":24},"end":{"line":25,"column":1}},"line":19},"3":{"name":"timeframe","decl":{"start":{"line":27,"column":9},"end":{"line":27,"column":18}},"loc":{"start":{"line":27,"column":25},"end":{"line":36,"column":1}},"line":27},"4":{"name":"startDate","decl":{"start":{"line":38,"column":9},"end":{"line":38,"column":18}},"loc":{"start":{"line":38,"column":25},"end":{"line":46,"column":1}},"line":38},"5":{"name":"endDate","decl":{"start":{"line":48,"column":9},"end":{"line":48,"column":16}},"loc":{"start":{"line":48,"column":20},"end":{"line":54,"column":1}},"line":48}},"branchMap":{"0":{"loc":{"start":{"line":4,"column":2},"end":{"line":8,"column":3}},"type":"if","locations":[{"start":{"line":4,"column":2},"end":{"line":8,"column":3}},{"start":{"line":4,"column":2},"end":{"line":8,"column":3}}],"line":4},"1":{"loc":{"start":{"line":12,"column":2},"end":{"line":16,"column":3}},"type":"if","locations":[{"start":{"line":12,"column":2},"end":{"line":16,"column":3}},{"start":{"line":12,"column":2},"end":{"line":16,"column":3}}],"line":12},"2":{"loc":{"start":{"line":13,"column":4},"end":{"line":15,"column":5}},"type":"if","locations":[{"start":{"line":13,"column":4},"end":{"line":15,"column":5}},{"start":{"line":13,"column":4},"end":{"line":15,"column":5}}],"line":13},"3":{"loc":{"start":{"line":13,"column":8},"end":{"line":13,"column":55}},"type":"binary-expr","locations":[{"start":{"line":13,"column":8},"end":{"line":13,"column":29}},{"start":{"line":13,"column":33},"end":{"line":13,"column":55}}],"line":13},"4":{"loc":{"start":{"line":20,"column":2},"end":{"line":24,"column":3}},"type":"if","locations":[{"start":{"line":20,"column":2},"end":{"line":24,"column":3}},{"start":{"line":20,"column":2},"end":{"line":24,"column":3}}],"line":20},"5":{"loc":{"start":{"line":21,"column":4},"end":{"line":23,"column":5}},"type":"if","locations":[{"start":{"line":21,"column":4},"end":{"line":23,"column":5}},{"start":{"line":21,"column":4},"end":{"line":23,"column":5}}],"line":21},"6":{"loc":{"start":{"line":29,"column":2},"end":{"line":33,"column":3}},"type":"if","locations":[{"start":{"line":29,"column":2},"end":{"line":33,"column":3}},{"start":{"line":29,"column":2},"end":{"line":33,"column":3}}],"line":29},"7":{"loc":{"start":{"line":30,"column":4},"end":{"line":32,"column":5}},"type":"if","locations":[{"start":{"line":30,"column":4},"end":{"line":32,"column":5}},{"start":{"line":30,"column":4},"end":{"line":32,"column":5}}],"line":30},"8":{"loc":{"start":{"line":39,"column":2},"end":{"line":43,"column":3}},"type":"if","locations":[{"start":{"line":39,"column":2},"end":{"line":43,"column":3}},{"start":{"line":39,"column":2},"end":{"line":43,"column":3}}],"line":39},"9":{"loc":{"start":{"line":40,"column":4},"end":{"line":42,"column":5}},"type":"if","locations":[{"start":{"line":40,"column":4},"end":{"line":42,"column":5}},{"start":{"line":40,"column":4},"end":{"line":42,"column":5}}],"line":40},"10":{"loc":{"start":{"line":49,"column":2},"end":{"line":53,"column":3}},"type":"if","locations":[{"start":{"line":49,"column":2},"end":{"line":53,"column":3}},{"start":{"line":49,"column":2},"end":{"line":53,"column":3}}],"line":49},"11":{"loc":{"start":{"line":50,"column":4},"end":{"line":52,"column":5}},"type":"if","locations":[{"start":{"line":50,"column":4},"end":{"line":52,"column":5}},{"start":{"line":50,"column":4},"end":{"line":52,"column":5}}],"line":50}},"s":{"0":0,"1":0,"2":0,"3":2,"4":1,"5":0,"6":2,"7":2,"8":0,"9":2,"10":1,"11":0,"12":2,"13":8,"14":2,"15":0,"16":8,"17":8,"18":2,"19":0},"f":{"0":0,"1":2,"2":2,"3":2,"4":8,"5":8},"b":{"0":[0,0],"1":[1,1],"2":[0,1],"3":[1,0],"4":[2,0],"5":[0,2],"6":[1,1],"7":[0,1],"8":[2,6],"9":[0,2],"10":[2,6],"11":[0,2]},"_coverageSchema":"43e27e138ebf9cfc5966b082cf9a028302ed4184","hash":"15f21b7e86fb87ad0b6d87e9218d92a831ae079f"}
,"/Applications/MAMP/htdocs/task-organizer/src/js/timeframe/timeframeComputed.js": {"path":"/Applications/MAMP/htdocs/task-organizer/src/js/timeframe/timeframeComputed.js","statementMap":{"0":{"start":{"line":7,"column":2},"end":{"line":7,"column":30}},"1":{"start":{"line":9,"column":2},"end":{"line":26,"column":5}},"2":{"start":{"line":10,"column":15},"end":{"line":10,"column":33}},"3":{"start":{"line":12,"column":4},"end":{"line":14,"column":5}},"4":{"start":{"line":13,"column":6},"end":{"line":13,"column":19}},"5":{"start":{"line":16,"column":4},"end":{"line":23,"column":5}},"6":{"start":{"line":17,"column":6},"end":{"line":17,"column":85}},"7":{"start":{"line":18,"column":6},"end":{"line":18,"column":81}},"8":{"start":{"line":20,"column":6},"end":{"line":22,"column":7}},"9":{"start":{"line":21,"column":8},"end":{"line":21,"column":20}},"10":{"start":{"line":25,"column":4},"end":{"line":25,"column":17}},"11":{"start":{"line":30,"column":2},"end":{"line":30,"column":85}},"12":{"start":{"line":34,"column":20},"end":{"line":34,"column":45}},"13":{"start":{"line":35,"column":2},"end":{"line":51,"column":3}},"14":{"start":{"line":40,"column":4},"end":{"line":50,"column":5}},"15":{"start":{"line":40,"column":17},"end":{"line":40,"column":18}},"16":{"start":{"line":41,"column":6},"end":{"line":41,"column":48}},"17":{"start":{"line":42,"column":6},"end":{"line":49,"column":7}},"18":{"start":{"line":43,"column":8},"end":{"line":43,"column":87}},"19":{"start":{"line":44,"column":8},"end":{"line":44,"column":83}},"20":{"start":{"line":46,"column":8},"end":{"line":48,"column":9}},"21":{"start":{"line":47,"column":10},"end":{"line":47,"column":22}},"22":{"start":{"line":53,"column":2},"end":{"line":53,"column":15}},"23":{"start":{"line":57,"column":16},"end":{"line":57,"column":17}},"24":{"start":{"line":59,"column":2},"end":{"line":63,"column":28}},"25":{"start":{"line":60,"column":4},"end":{"line":62,"column":5}},"26":{"start":{"line":61,"column":6},"end":{"line":61,"column":16}},"27":{"start":{"line":65,"column":2},"end":{"line":65,"column":17}},"28":{"start":{"line":69,"column":16},"end":{"line":69,"column":17}},"29":{"start":{"line":71,"column":2},"end":{"line":75,"column":28}},"30":{"start":{"line":72,"column":4},"end":{"line":74,"column":5}},"31":{"start":{"line":73,"column":6},"end":{"line":73,"column":16}},"32":{"start":{"line":77,"column":2},"end":{"line":77,"column":17}},"33":{"start":{"line":81,"column":12},"end":{"line":81,"column":54}},"34":{"start":{"line":83,"column":2},"end":{"line":83,"column":13}},"35":{"start":{"line":87,"column":18},"end":{"line":87,"column":86}},"36":{"start":{"line":91,"column":2},"end":{"line":97,"column":3}},"37":{"start":{"line":92,"column":4},"end":{"line":92,"column":44}},"38":{"start":{"line":93,"column":4},"end":{"line":93,"column":29}},"39":{"start":{"line":95,"column":4},"end":{"line":95,"column":65}},"40":{"start":{"line":96,"column":4},"end":{"line":96,"column":21}},"41":{"start":{"line":99,"column":2},"end":{"line":99,"column":25}},"42":{"start":{"line":100,"column":2},"end":{"line":100,"column":32}},"43":{"start":{"line":102,"column":2},"end":{"line":104,"column":3}},"44":{"start":{"line":103,"column":4},"end":{"line":103,"column":16}},"45":{"start":{"line":106,"column":2},"end":{"line":106,"column":15}}},"fnMap":{"0":{"name":"validTasks","decl":{"start":{"line":3,"column":9},"end":{"line":3,"column":19}},"loc":{"start":{"line":3,"column":23},"end":{"line":27,"column":1}},"line":3},"1":{"name":"(anonymous_1)","decl":{"start":{"line":9,"column":30},"end":{"line":9,"column":31}},"loc":{"start":{"line":9,"column":42},"end":{"line":26,"column":3}},"line":9},"2":{"name":"completedIndex","decl":{"start":{"line":29,"column":9},"end":{"line":29,"column":23}},"loc":{"start":{"line":29,"column":27},"end":{"line":31,"column":1}},"line":29},"3":{"name":"taskHasValidChild","decl":{"start":{"line":33,"column":9},"end":{"line":33,"column":26}},"loc":{"start":{"line":33,"column":30},"end":{"line":54,"column":1}},"line":33},"4":{"name":"leaves","decl":{"start":{"line":56,"column":9},"end":{"line":56,"column":15}},"loc":{"start":{"line":56,"column":19},"end":{"line":66,"column":1}},"line":56},"5":{"name":"(anonymous_5)","decl":{"start":{"line":59,"column":10},"end":{"line":59,"column":11}},"loc":{"start":{"line":59,"column":25},"end":{"line":63,"column":3}},"line":59},"6":{"name":"leavesCompleted","decl":{"start":{"line":68,"column":9},"end":{"line":68,"column":24}},"loc":{"start":{"line":68,"column":28},"end":{"line":78,"column":1}},"line":68},"7":{"name":"(anonymous_7)","decl":{"start":{"line":71,"column":10},"end":{"line":71,"column":11}},"loc":{"start":{"line":71,"column":25},"end":{"line":75,"column":3}},"line":71},"8":{"name":"percent","decl":{"start":{"line":80,"column":9},"end":{"line":80,"column":16}},"loc":{"start":{"line":80,"column":19},"end":{"line":84,"column":1}},"line":80},"9":{"name":"expired","decl":{"start":{"line":86,"column":9},"end":{"line":86,"column":16}},"loc":{"start":{"line":86,"column":19},"end":{"line":107,"column":1}},"line":86}},"branchMap":{"0":{"loc":{"start":{"line":12,"column":4},"end":{"line":14,"column":5}},"type":"if","locations":[{"start":{"line":12,"column":4},"end":{"line":14,"column":5}},{"start":{"line":12,"column":4},"end":{"line":14,"column":5}}],"line":12},"1":{"loc":{"start":{"line":16,"column":4},"end":{"line":23,"column":5}},"type":"if","locations":[{"start":{"line":16,"column":4},"end":{"line":23,"column":5}},{"start":{"line":16,"column":4},"end":{"line":23,"column":5}}],"line":16},"2":{"loc":{"start":{"line":20,"column":6},"end":{"line":22,"column":7}},"type":"if","locations":[{"start":{"line":20,"column":6},"end":{"line":22,"column":7}},{"start":{"line":20,"column":6},"end":{"line":22,"column":7}}],"line":20},"3":{"loc":{"start":{"line":20,"column":10},"end":{"line":20,"column":56}},"type":"binary-expr","locations":[{"start":{"line":20,"column":10},"end":{"line":20,"column":32}},{"start":{"line":20,"column":36},"end":{"line":20,"column":56}}],"line":20},"4":{"loc":{"start":{"line":35,"column":2},"end":{"line":51,"column":3}},"type":"if","locations":[{"start":{"line":35,"column":2},"end":{"line":51,"column":3}},{"start":{"line":35,"column":2},"end":{"line":51,"column":3}}],"line":35},"5":{"loc":{"start":{"line":42,"column":6},"end":{"line":49,"column":7}},"type":"if","locations":[{"start":{"line":42,"column":6},"end":{"line":49,"column":7}},{"start":{"line":42,"column":6},"end":{"line":49,"column":7}}],"line":42},"6":{"loc":{"start":{"line":46,"column":8},"end":{"line":48,"column":9}},"type":"if","locations":[{"start":{"line":46,"column":8},"end":{"line":48,"column":9}},{"start":{"line":46,"column":8},"end":{"line":48,"column":9}}],"line":46},"7":{"loc":{"start":{"line":46,"column":12},"end":{"line":46,"column":58}},"type":"binary-expr","locations":[{"start":{"line":46,"column":12},"end":{"line":46,"column":34}},{"start":{"line":46,"column":38},"end":{"line":46,"column":58}}],"line":46},"8":{"loc":{"start":{"line":60,"column":4},"end":{"line":62,"column":5}},"type":"if","locations":[{"start":{"line":60,"column":4},"end":{"line":62,"column":5}},{"start":{"line":60,"column":4},"end":{"line":62,"column":5}}],"line":60},"9":{"loc":{"start":{"line":72,"column":4},"end":{"line":74,"column":5}},"type":"if","locations":[{"start":{"line":72,"column":4},"end":{"line":74,"column":5}},{"start":{"line":72,"column":4},"end":{"line":74,"column":5}}],"line":72},"10":{"loc":{"start":{"line":72,"column":8},"end":{"line":72,"column":55}},"type":"binary-expr","locations":[{"start":{"line":72,"column":8},"end":{"line":72,"column":33}},{"start":{"line":72,"column":37},"end":{"line":72,"column":55}}],"line":72},"11":{"loc":{"start":{"line":91,"column":2},"end":{"line":97,"column":3}},"type":"if","locations":[{"start":{"line":91,"column":2},"end":{"line":97,"column":3}},{"start":{"line":91,"column":2},"end":{"line":97,"column":3}}],"line":91},"12":{"loc":{"start":{"line":102,"column":2},"end":{"line":104,"column":3}},"type":"if","locations":[{"start":{"line":102,"column":2},"end":{"line":104,"column":3}},{"start":{"line":102,"column":2},"end":{"line":104,"column":3}}],"line":102}},"s":{"0":0,"1":0,"2":0,"3":0,"4":0,"5":0,"6":0,"7":0,"8":0,"9":0,"10":0,"11":5,"12":5,"13":5,"14":0,"15":0,"16":0,"17":0,"18":0,"19":0,"20":0,"21":0,"22":5,"23":5,"24":5,"25":5,"26":5,"27":5,"28":5,"29":5,"30":5,"31":0,"32":5,"33":5,"34":5,"35":0,"36":0,"37":0,"38":0,"39":0,"40":0,"41":0,"42":0,"43":0,"44":0,"45":0},"f":{"0":0,"1":0,"2":5,"3":5,"4":5,"5":5,"6":5,"7":5,"8":5,"9":0},"b":{"0":[0,0],"1":[0,0],"2":[0,0],"3":[0,0],"4":[0,5],"5":[0,0],"6":[0,0],"7":[0,0],"8":[5,0],"9":[0,5],"10":[5,5],"11":[0,0],"12":[0,0]},"_coverageSchema":"43e27e138ebf9cfc5966b082cf9a028302ed4184","hash":"01b8f1db202adf8ed23044a23e42563ef3095089"}
,"/Applications/MAMP/htdocs/task-organizer/src/js/timeframe/timeframeFunctions.js": {"path":"/Applications/MAMP/htdocs/task-organizer/src/js/timeframe/timeframeFunctions.js","statementMap":{"0":{"start":{"line":4,"column":20},"end":{"line":4,"column":22}},"1":{"start":{"line":5,"column":16},"end":{"line":5,"column":109}},"2":{"start":{"line":5,"column":68},"end":{"line":5,"column":106}},"3":{"start":{"line":6,"column":16},"end":{"line":6,"column":107}},"4":{"start":{"line":6,"column":68},"end":{"line":6,"column":104}},"5":{"start":{"line":8,"column":2},"end":{"line":8,"column":55}},"6":{"start":{"line":10,"column":2},"end":{"line":33,"column":3}},"7":{"start":{"line":11,"column":4},"end":{"line":14,"column":7}},"8":{"start":{"line":15,"column":4},"end":{"line":15,"column":37}},"9":{"start":{"line":16,"column":4},"end":{"line":16,"column":35}},"10":{"start":{"line":17,"column":4},"end":{"line":17,"column":32}},"11":{"start":{"line":19,"column":4},"end":{"line":32,"column":5}},"12":{"start":{"line":21,"column":8},"end":{"line":21,"column":44}},"13":{"start":{"line":22,"column":8},"end":{"line":22,"column":14}},"14":{"start":{"line":24,"column":8},"end":{"line":24,"column":48}},"15":{"start":{"line":25,"column":8},"end":{"line":25,"column":14}},"16":{"start":{"line":27,"column":8},"end":{"line":27,"column":53}},"17":{"start":{"line":28,"column":8},"end":{"line":28,"column":14}},"18":{"start":{"line":30,"column":8},"end":{"line":30,"column":53}},"19":{"start":{"line":31,"column":8},"end":{"line":31,"column":14}},"20":{"start":{"line":35,"column":2},"end":{"line":35,"column":19}},"21":{"start":{"line":41,"column":2},"end":{"line":43,"column":3}},"22":{"start":{"line":42,"column":4},"end":{"line":42,"column":42}},"23":{"start":{"line":45,"column":2},"end":{"line":47,"column":3}},"24":{"start":{"line":46,"column":4},"end":{"line":46,"column":48}},"25":{"start":{"line":49,"column":2},"end":{"line":51,"column":3}},"26":{"start":{"line":50,"column":4},"end":{"line":50,"column":39}},"27":{"start":{"line":53,"column":2},"end":{"line":63,"column":3}},"28":{"start":{"line":55,"column":6},"end":{"line":55,"column":37}},"29":{"start":{"line":56,"column":6},"end":{"line":56,"column":12}},"30":{"start":{"line":58,"column":6},"end":{"line":58,"column":57}},"31":{"start":{"line":59,"column":6},"end":{"line":59,"column":12}},"32":{"start":{"line":61,"column":6},"end":{"line":61,"column":72}},"33":{"start":{"line":62,"column":6},"end":{"line":62,"column":12}},"34":{"start":{"line":65,"column":2},"end":{"line":65,"column":14}},"35":{"start":{"line":69,"column":13},"end":{"line":69,"column":26}},"36":{"start":{"line":70,"column":17},"end":{"line":70,"column":23}},"37":{"start":{"line":72,"column":2},"end":{"line":75,"column":3}},"38":{"start":{"line":73,"column":4},"end":{"line":73,"column":27}},"39":{"start":{"line":74,"column":4},"end":{"line":74,"column":27}},"40":{"start":{"line":77,"column":2},"end":{"line":77,"column":36}}},"fnMap":{"0":{"name":"getTaskDates","decl":{"start":{"line":3,"column":9},"end":{"line":3,"column":21}},"loc":{"start":{"line":3,"column":50},"end":{"line":36,"column":1}},"line":3},"1":{"name":"(anonymous_1)","decl":{"start":{"line":5,"column":58},"end":{"line":5,"column":59}},"loc":{"start":{"line":5,"column":68},"end":{"line":5,"column":106}},"line":5},"2":{"name":"(anonymous_2)","decl":{"start":{"line":6,"column":58},"end":{"line":6,"column":59}},"loc":{"start":{"line":6,"column":68},"end":{"line":6,"column":104}},"line":6},"3":{"name":"convertDateHeaderToDate","decl":{"start":{"line":38,"column":9},"end":{"line":38,"column":32}},"loc":{"start":{"line":38,"column":57},"end":{"line":66,"column":1}},"line":38},"4":{"name":"displayTask","decl":{"start":{"line":68,"column":9},"end":{"line":68,"column":20}},"loc":{"start":{"line":68,"column":53},"end":{"line":78,"column":1}},"line":68}},"branchMap":{"0":{"loc":{"start":{"line":19,"column":4},"end":{"line":32,"column":5}},"type":"switch","locations":[{"start":{"line":20,"column":6},"end":{"line":22,"column":14}},{"start":{"line":23,"column":6},"end":{"line":25,"column":14}},{"start":{"line":26,"column":6},"end":{"line":28,"column":14}},{"start":{"line":29,"column":6},"end":{"line":31,"column":14}}],"line":19},"1":{"loc":{"start":{"line":41,"column":2},"end":{"line":43,"column":3}},"type":"if","locations":[{"start":{"line":41,"column":2},"end":{"line":43,"column":3}},{"start":{"line":41,"column":2},"end":{"line":43,"column":3}}],"line":41},"2":{"loc":{"start":{"line":45,"column":2},"end":{"line":47,"column":3}},"type":"if","locations":[{"start":{"line":45,"column":2},"end":{"line":47,"column":3}},{"start":{"line":45,"column":2},"end":{"line":47,"column":3}}],"line":45},"3":{"loc":{"start":{"line":49,"column":2},"end":{"line":51,"column":3}},"type":"if","locations":[{"start":{"line":49,"column":2},"end":{"line":51,"column":3}},{"start":{"line":49,"column":2},"end":{"line":51,"column":3}}],"line":49},"4":{"loc":{"start":{"line":53,"column":2},"end":{"line":63,"column":3}},"type":"switch","locations":[{"start":{"line":54,"column":4},"end":{"line":56,"column":12}},{"start":{"line":57,"column":4},"end":{"line":59,"column":12}},{"start":{"line":60,"column":4},"end":{"line":62,"column":12}}],"line":53}},"s":{"0":4,"1":4,"2":4,"3":4,"4":4,"5":4,"6":4,"7":7,"8":7,"9":7,"10":7,"11":7,"12":2,"13":2,"14":2,"15":2,"16":2,"17":2,"18":1,"19":1,"20":4,"21":5,"22":1,"23":5,"24":1,"25":5,"26":4,"27":5,"28":1,"29":1,"30":1,"31":1,"32":3,"33":3,"34":5,"35":3,"36":3,"37":3,"38":1,"39":1,"40":3},"f":{"0":4,"1":4,"2":4,"3":5,"4":3},"b":{"0":[2,2,2,1],"1":[1,4],"2":[1,4],"3":[4,1],"4":[1,1,3]},"_coverageSchema":"43e27e138ebf9cfc5966b082cf9a028302ed4184","hash":"1149a891a1115eb974cc0e9ef5ba102ce32cfc0f"}
,"/Applications/MAMP/htdocs/task-organizer/src/store/remote/sidebar.js": {"path":"/Applications/MAMP/htdocs/task-organizer/src/store/remote/sidebar.js","statementMap":{"0":{"start":{"line":12,"column":6},"end":{"line":12,"column":40}},"1":{"start":{"line":15,"column":6},"end":{"line":15,"column":40}},"2":{"start":{"line":18,"column":6},"end":{"line":18,"column":42}},"3":{"start":{"line":23,"column":6},"end":{"line":28,"column":11}},"4":{"start":{"line":26,"column":31},"end":{"line":26,"column":70}},"5":{"start":{"line":27,"column":10},"end":{"line":27,"column":52}},"6":{"start":{"line":31,"column":29},"end":{"line":31,"column":47}},"7":{"start":{"line":33,"column":30},"end":{"line":37,"column":10}},"8":{"start":{"line":39,"column":6},"end":{"line":48,"column":9}},"9":{"start":{"line":40,"column":27},"end":{"line":40,"column":67}},"10":{"start":{"line":41,"column":8},"end":{"line":47,"column":11}},"11":{"start":{"line":42,"column":10},"end":{"line":46,"column":29}},"12":{"start":{"line":51,"column":27},"end":{"line":51,"column":69}},"13":{"start":{"line":52,"column":6},"end":{"line":52,"column":48}},"14":{"start":{"line":54,"column":25},"end":{"line":54,"column":65}},"15":{"start":{"line":55,"column":6},"end":{"line":66,"column":9}},"16":{"start":{"line":56,"column":22},"end":{"line":56,"column":54}},"17":{"start":{"line":58,"column":8},"end":{"line":65,"column":9}},"18":{"start":{"line":59,"column":28},"end":{"line":59,"column":96}},"19":{"start":{"line":61,"column":10},"end":{"line":64,"column":29}}},"fnMap":{"0":{"name":"(anonymous_0)","decl":{"start":{"line":11,"column":4},"end":{"line":11,"column":5}},"loc":{"start":{"line":11,"column":44},"end":{"line":13,"column":5}},"line":11},"1":{"name":"(anonymous_1)","decl":{"start":{"line":14,"column":4},"end":{"line":14,"column":5}},"loc":{"start":{"line":14,"column":44},"end":{"line":16,"column":5}},"line":14},"2":{"name":"(anonymous_2)","decl":{"start":{"line":17,"column":4},"end":{"line":17,"column":5}},"loc":{"start":{"line":17,"column":46},"end":{"line":19,"column":5}},"line":17},"3":{"name":"(anonymous_3)","decl":{"start":{"line":22,"column":4},"end":{"line":22,"column":5}},"loc":{"start":{"line":22,"column":41},"end":{"line":29,"column":5}},"line":22},"4":{"name":"(anonymous_4)","decl":{"start":{"line":25,"column":20},"end":{"line":25,"column":21}},"loc":{"start":{"line":25,"column":37},"end":{"line":28,"column":9}},"line":25},"5":{"name":"(anonymous_5)","decl":{"start":{"line":30,"column":4},"end":{"line":30,"column":5}},"loc":{"start":{"line":30,"column":56},"end":{"line":49,"column":5}},"line":30},"6":{"name":"(anonymous_6)","decl":{"start":{"line":39,"column":27},"end":{"line":39,"column":28}},"loc":{"start":{"line":39,"column":33},"end":{"line":48,"column":7}},"line":39},"7":{"name":"(anonymous_7)","decl":{"start":{"line":41,"column":27},"end":{"line":41,"column":28}},"loc":{"start":{"line":41,"column":40},"end":{"line":47,"column":9}},"line":41},"8":{"name":"(anonymous_8)","decl":{"start":{"line":50,"column":4},"end":{"line":50,"column":5}},"loc":{"start":{"line":50,"column":71},"end":{"line":67,"column":5}},"line":50},"9":{"name":"(anonymous_9)","decl":{"start":{"line":55,"column":25},"end":{"line":55,"column":26}},"loc":{"start":{"line":55,"column":38},"end":{"line":66,"column":7}},"line":55}},"branchMap":{"0":{"loc":{"start":{"line":26,"column":31},"end":{"line":26,"column":70}},"type":"binary-expr","locations":[{"start":{"line":26,"column":31},"end":{"line":26,"column":64}},{"start":{"line":26,"column":68},"end":{"line":26,"column":70}}],"line":26},"1":{"loc":{"start":{"line":51,"column":27},"end":{"line":51,"column":69}},"type":"cond-expr","locations":[{"start":{"line":51,"column":35},"end":{"line":51,"column":53}},{"start":{"line":51,"column":56},"end":{"line":51,"column":69}}],"line":51},"2":{"loc":{"start":{"line":58,"column":8},"end":{"line":65,"column":9}},"type":"if","locations":[{"start":{"line":58,"column":8},"end":{"line":65,"column":9}},{"start":{"line":58,"column":8},"end":{"line":65,"column":9}}],"line":58}},"s":{"0":0,"1":7,"2":8,"3":0,"4":0,"5":0,"6":0,"7":0,"8":0,"9":0,"10":0,"11":0,"12":7,"13":7,"14":7,"15":7,"16":28,"17":28,"18":0,"19":0},"f":{"0":0,"1":7,"2":8,"3":0,"4":0,"5":0,"6":0,"7":0,"8":7,"9":28},"b":{"0":[0,0],"1":[0,7],"2":[0,28]},"_coverageSchema":"43e27e138ebf9cfc5966b082cf9a028302ed4184","hash":"2394775fb6697fb23a44427bfbd8f20da93b6e2c"}
,"/Applications/MAMP/htdocs/task-organizer/src/store/remote/tasks.js": {"path":"/Applications/MAMP/htdocs/task-organizer/src/store/remote/tasks.js","statementMap":{"0":{"start":{"line":12,"column":6},"end":{"line":14,"column":7}},"1":{"start":{"line":13,"column":8},"end":{"line":13,"column":29}},"2":{"start":{"line":17,"column":6},"end":{"line":17,"column":37}},"3":{"start":{"line":20,"column":6},"end":{"line":20,"column":34}},"4":{"start":{"line":23,"column":20},"end":{"line":23,"column":43}},"5":{"start":{"line":25,"column":6},"end":{"line":25,"column":35}},"6":{"start":{"line":28,"column":6},"end":{"line":28,"column":50}},"7":{"start":{"line":31,"column":6},"end":{"line":31,"column":51}},"8":{"start":{"line":36,"column":6},"end":{"line":88,"column":11}},"9":{"start":{"line":40,"column":10},"end":{"line":40,"column":40}},"10":{"start":{"line":41,"column":29},"end":{"line":41,"column":31}},"11":{"start":{"line":44,"column":10},"end":{"line":83,"column":13}},"12":{"start":{"line":45,"column":12},"end":{"line":82,"column":13}},"13":{"start":{"line":47,"column":16},"end":{"line":47,"column":93}},"14":{"start":{"line":48,"column":16},"end":{"line":48,"column":89}},"15":{"start":{"line":49,"column":16},"end":{"line":49,"column":84}},"16":{"start":{"line":50,"column":16},"end":{"line":50,"column":80}},"17":{"start":{"line":52,"column":16},"end":{"line":54,"column":17}},"18":{"start":{"line":53,"column":18},"end":{"line":53,"column":68}},"19":{"start":{"line":56,"column":16},"end":{"line":59,"column":19}},"20":{"start":{"line":60,"column":16},"end":{"line":60,"column":22}},"21":{"start":{"line":62,"column":16},"end":{"line":62,"column":66}},"22":{"start":{"line":64,"column":16},"end":{"line":66,"column":17}},"23":{"start":{"line":65,"column":18},"end":{"line":65,"column":52}},"24":{"start":{"line":68,"column":16},"end":{"line":71,"column":19}},"25":{"start":{"line":72,"column":16},"end":{"line":72,"column":22}},"26":{"start":{"line":74,"column":16},"end":{"line":74,"column":66}},"27":{"start":{"line":76,"column":16},"end":{"line":78,"column":17}},"28":{"start":{"line":77,"column":18},"end":{"line":77,"column":55}},"29":{"start":{"line":80,"column":16},"end":{"line":80,"column":53}},"30":{"start":{"line":81,"column":16},"end":{"line":81,"column":22}},"31":{"start":{"line":85,"column":10},"end":{"line":87,"column":13}},"32":{"start":{"line":86,"column":12},"end":{"line":86,"column":75}},"33":{"start":{"line":91,"column":25},"end":{"line":91,"column":45}},"34":{"start":{"line":92,"column":25},"end":{"line":95,"column":27}},"35":{"start":{"line":97,"column":6},"end":{"line":108,"column":7}},"36":{"start":{"line":98,"column":8},"end":{"line":107,"column":11}},"37":{"start":{"line":99,"column":10},"end":{"line":99,"column":47}},"38":{"start":{"line":100,"column":10},"end":{"line":106,"column":15}},"39":{"start":{"line":111,"column":6},"end":{"line":115,"column":27}},"40":{"start":{"line":118,"column":23},"end":{"line":118,"column":49}},"41":{"start":{"line":119,"column":23},"end":{"line":119,"column":50}},"42":{"start":{"line":120,"column":23},"end":{"line":122,"column":34}},"43":{"start":{"line":124,"column":6},"end":{"line":127,"column":9}},"44":{"start":{"line":125,"column":8},"end":{"line":126,"column":20}},"45":{"start":{"line":129,"column":6},"end":{"line":139,"column":7}},"46":{"start":{"line":130,"column":29},"end":{"line":130,"column":59}},"47":{"start":{"line":131,"column":20},"end":{"line":131,"column":50}},"48":{"start":{"line":133,"column":8},"end":{"line":133,"column":40}},"49":{"start":{"line":135,"column":8},"end":{"line":138,"column":13}},"50":{"start":{"line":142,"column":20},"end":{"line":142,"column":51}},"51":{"start":{"line":144,"column":6},"end":{"line":148,"column":7}},"52":{"start":{"line":145,"column":8},"end":{"line":145,"column":46}},"53":{"start":{"line":147,"column":8},"end":{"line":147,"column":46}},"54":{"start":{"line":150,"column":6},"end":{"line":156,"column":11}},"55":{"start":{"line":158,"column":19},"end":{"line":158,"column":37}},"56":{"start":{"line":159,"column":25},"end":{"line":159,"column":107}},"57":{"start":{"line":160,"column":27},"end":{"line":160,"column":67}},"58":{"start":{"line":162,"column":6},"end":{"line":164,"column":7}},"59":{"start":{"line":163,"column":8},"end":{"line":163,"column":57}},"60":{"start":{"line":167,"column":28},"end":{"line":167,"column":61}},"61":{"start":{"line":169,"column":6},"end":{"line":175,"column":11}},"62":{"start":{"line":178,"column":6},"end":{"line":182,"column":9}},"63":{"start":{"line":179,"column":8},"end":{"line":181,"column":9}},"64":{"start":{"line":180,"column":10},"end":{"line":180,"column":43}},"65":{"start":{"line":185,"column":6},"end":{"line":189,"column":9}},"66":{"start":{"line":186,"column":8},"end":{"line":188,"column":9}},"67":{"start":{"line":187,"column":10},"end":{"line":187,"column":45}},"68":{"start":{"line":193,"column":26},"end":{"line":213,"column":5}},"69":{"start":{"line":195,"column":23},"end":{"line":195,"column":25}},"70":{"start":{"line":196,"column":20},"end":{"line":196,"column":22}},"71":{"start":{"line":198,"column":6},"end":{"line":198,"column":25}},"72":{"start":{"line":199,"column":6},"end":{"line":199,"column":30}},"73":{"start":{"line":201,"column":6},"end":{"line":210,"column":7}},"74":{"start":{"line":202,"column":23},"end":{"line":202,"column":54}},"75":{"start":{"line":204,"column":8},"end":{"line":206,"column":11}},"76":{"start":{"line":205,"column":10},"end":{"line":205,"column":28}},"77":{"start":{"line":208,"column":8},"end":{"line":208,"column":33}},"78":{"start":{"line":209,"column":8},"end":{"line":209,"column":32}},"79":{"start":{"line":212,"column":6},"end":{"line":212,"column":22}},"80":{"start":{"line":214,"column":31},"end":{"line":216,"column":5}},"81":{"start":{"line":215,"column":6},"end":{"line":215,"column":43}}},"fnMap":{"0":{"name":"(anonymous_0)","decl":{"start":{"line":11,"column":4},"end":{"line":11,"column":5}},"loc":{"start":{"line":11,"column":25},"end":{"line":15,"column":5}},"line":11},"1":{"name":"(anonymous_1)","decl":{"start":{"line":16,"column":4},"end":{"line":16,"column":5}},"loc":{"start":{"line":16,"column":35},"end":{"line":18,"column":5}},"line":16},"2":{"name":"(anonymous_2)","decl":{"start":{"line":19,"column":4},"end":{"line":19,"column":5}},"loc":{"start":{"line":19,"column":28},"end":{"line":21,"column":5}},"line":19},"3":{"name":"(anonymous_3)","decl":{"start":{"line":22,"column":4},"end":{"line":22,"column":5}},"loc":{"start":{"line":22,"column":28},"end":{"line":26,"column":5}},"line":22},"4":{"name":"(anonymous_4)","decl":{"start":{"line":27,"column":4},"end":{"line":27,"column":5}},"loc":{"start":{"line":27,"column":35},"end":{"line":29,"column":5}},"line":27},"5":{"name":"(anonymous_5)","decl":{"start":{"line":30,"column":4},"end":{"line":30,"column":5}},"loc":{"start":{"line":30,"column":37},"end":{"line":32,"column":5}},"line":30},"6":{"name":"(anonymous_6)","decl":{"start":{"line":35,"column":4},"end":{"line":35,"column":5}},"loc":{"start":{"line":35,"column":56},"end":{"line":89,"column":5}},"line":35},"7":{"name":"(anonymous_7)","decl":{"start":{"line":39,"column":20},"end":{"line":39,"column":21}},"loc":{"start":{"line":39,"column":37},"end":{"line":88,"column":9}},"line":39},"8":{"name":"(anonymous_8)","decl":{"start":{"line":44,"column":45},"end":{"line":44,"column":46}},"loc":{"start":{"line":44,"column":55},"end":{"line":83,"column":11}},"line":44},"9":{"name":"(anonymous_9)","decl":{"start":{"line":85,"column":29},"end":{"line":85,"column":30}},"loc":{"start":{"line":85,"column":42},"end":{"line":87,"column":11}},"line":85},"10":{"name":"(anonymous_10)","decl":{"start":{"line":90,"column":4},"end":{"line":90,"column":5}},"loc":{"start":{"line":90,"column":38},"end":{"line":109,"column":5}},"line":90},"11":{"name":"(anonymous_11)","decl":{"start":{"line":98,"column":24},"end":{"line":98,"column":25}},"loc":{"start":{"line":98,"column":31},"end":{"line":107,"column":9}},"line":98},"12":{"name":"(anonymous_12)","decl":{"start":{"line":110,"column":4},"end":{"line":110,"column":5}},"loc":{"start":{"line":110,"column":37},"end":{"line":116,"column":5}},"line":110},"13":{"name":"(anonymous_13)","decl":{"start":{"line":117,"column":4},"end":{"line":117,"column":5}},"loc":{"start":{"line":117,"column":55},"end":{"line":140,"column":5}},"line":117},"14":{"name":"(anonymous_14)","decl":{"start":{"line":124,"column":23},"end":{"line":124,"column":24}},"loc":{"start":{"line":124,"column":29},"end":{"line":127,"column":7}},"line":124},"15":{"name":"(anonymous_15)","decl":{"start":{"line":141,"column":4},"end":{"line":141,"column":5}},"loc":{"start":{"line":141,"column":64},"end":{"line":165,"column":5}},"line":141},"16":{"name":"(anonymous_16)","decl":{"start":{"line":166,"column":4},"end":{"line":166,"column":5}},"loc":{"start":{"line":166,"column":57},"end":{"line":176,"column":5}},"line":166},"17":{"name":"(anonymous_17)","decl":{"start":{"line":177,"column":4},"end":{"line":177,"column":5}},"loc":{"start":{"line":177,"column":49},"end":{"line":183,"column":5}},"line":177},"18":{"name":"(anonymous_18)","decl":{"start":{"line":178,"column":22},"end":{"line":178,"column":23}},"loc":{"start":{"line":178,"column":28},"end":{"line":182,"column":7}},"line":178},"19":{"name":"(anonymous_19)","decl":{"start":{"line":184,"column":4},"end":{"line":184,"column":5}},"loc":{"start":{"line":184,"column":51},"end":{"line":190,"column":5}},"line":184},"20":{"name":"(anonymous_20)","decl":{"start":{"line":185,"column":22},"end":{"line":185,"column":23}},"loc":{"start":{"line":185,"column":28},"end":{"line":189,"column":7}},"line":185},"21":{"name":"(anonymous_21)","decl":{"start":{"line":193,"column":17},"end":{"line":193,"column":18}},"loc":{"start":{"line":193,"column":26},"end":{"line":213,"column":5}},"line":193},"22":{"name":"(anonymous_22)","decl":{"start":{"line":193,"column":26},"end":{"line":193,"column":27}},"loc":{"start":{"line":193,"column":36},"end":{"line":213,"column":5}},"line":193},"23":{"name":"(anonymous_23)","decl":{"start":{"line":204,"column":25},"end":{"line":204,"column":26}},"loc":{"start":{"line":204,"column":34},"end":{"line":206,"column":9}},"line":204},"24":{"name":"(anonymous_24)","decl":{"start":{"line":214,"column":22},"end":{"line":214,"column":23}},"loc":{"start":{"line":214,"column":31},"end":{"line":216,"column":5}},"line":214},"25":{"name":"(anonymous_25)","decl":{"start":{"line":214,"column":31},"end":{"line":214,"column":32}},"loc":{"start":{"line":214,"column":37},"end":{"line":216,"column":5}},"line":214}},"branchMap":{"0":{"loc":{"start":{"line":12,"column":6},"end":{"line":14,"column":7}},"type":"if","locations":[{"start":{"line":12,"column":6},"end":{"line":14,"column":7}},{"start":{"line":12,"column":6},"end":{"line":14,"column":7}}],"line":12},"1":{"loc":{"start":{"line":45,"column":12},"end":{"line":82,"column":13}},"type":"switch","locations":[{"start":{"line":46,"column":14},"end":{"line":60,"column":22}},{"start":{"line":61,"column":14},"end":{"line":72,"column":22}},{"start":{"line":73,"column":14},"end":{"line":81,"column":22}}],"line":45},"2":{"loc":{"start":{"line":52,"column":16},"end":{"line":54,"column":17}},"type":"if","locations":[{"start":{"line":52,"column":16},"end":{"line":54,"column":17}},{"start":{"line":52,"column":16},"end":{"line":54,"column":17}}],"line":52},"3":{"loc":{"start":{"line":52,"column":20},"end":{"line":52,"column":78}},"type":"binary-expr","locations":[{"start":{"line":52,"column":20},"end":{"line":52,"column":49}},{"start":{"line":52,"column":53},"end":{"line":52,"column":78}}],"line":52},"4":{"loc":{"start":{"line":64,"column":16},"end":{"line":66,"column":17}},"type":"if","locations":[{"start":{"line":64,"column":16},"end":{"line":66,"column":17}},{"start":{"line":64,"column":16},"end":{"line":66,"column":17}}],"line":64},"5":{"loc":{"start":{"line":76,"column":16},"end":{"line":78,"column":17}},"type":"if","locations":[{"start":{"line":76,"column":16},"end":{"line":78,"column":17}},{"start":{"line":76,"column":16},"end":{"line":78,"column":17}}],"line":76},"6":{"loc":{"start":{"line":97,"column":6},"end":{"line":108,"column":7}},"type":"if","locations":[{"start":{"line":97,"column":6},"end":{"line":108,"column":7}},{"start":{"line":97,"column":6},"end":{"line":108,"column":7}}],"line":97},"7":{"loc":{"start":{"line":129,"column":6},"end":{"line":139,"column":7}},"type":"if","locations":[{"start":{"line":129,"column":6},"end":{"line":139,"column":7}},{"start":{"line":129,"column":6},"end":{"line":139,"column":7}}],"line":129},"8":{"loc":{"start":{"line":144,"column":6},"end":{"line":148,"column":7}},"type":"if","locations":[{"start":{"line":144,"column":6},"end":{"line":148,"column":7}},{"start":{"line":144,"column":6},"end":{"line":148,"column":7}}],"line":144},"9":{"loc":{"start":{"line":162,"column":6},"end":{"line":164,"column":7}},"type":"if","locations":[{"start":{"line":162,"column":6},"end":{"line":164,"column":7}},{"start":{"line":162,"column":6},"end":{"line":164,"column":7}}],"line":162},"10":{"loc":{"start":{"line":179,"column":8},"end":{"line":181,"column":9}},"type":"if","locations":[{"start":{"line":179,"column":8},"end":{"line":181,"column":9}},{"start":{"line":179,"column":8},"end":{"line":181,"column":9}}],"line":179},"11":{"loc":{"start":{"line":179,"column":12},"end":{"line":179,"column":76}},"type":"binary-expr","locations":[{"start":{"line":179,"column":12},"end":{"line":179,"column":46}},{"start":{"line":179,"column":50},"end":{"line":179,"column":76}}],"line":179},"12":{"loc":{"start":{"line":186,"column":8},"end":{"line":188,"column":9}},"type":"if","locations":[{"start":{"line":186,"column":8},"end":{"line":188,"column":9}},{"start":{"line":186,"column":8},"end":{"line":188,"column":9}}],"line":186},"13":{"loc":{"start":{"line":186,"column":12},"end":{"line":186,"column":75}},"type":"binary-expr","locations":[{"start":{"line":186,"column":12},"end":{"line":186,"column":46}},{"start":{"line":186,"column":50},"end":{"line":186,"column":75}}],"line":186}},"s":{"0":0,"1":0,"2":0,"3":0,"4":0,"5":0,"6":0,"7":0,"8":0,"9":0,"10":0,"11":0,"12":0,"13":0,"14":0,"15":0,"16":0,"17":0,"18":0,"19":0,"20":0,"21":0,"22":0,"23":0,"24":0,"25":0,"26":0,"27":0,"28":0,"29":0,"30":0,"31":0,"32":0,"33":0,"34":0,"35":0,"36":0,"37":0,"38":0,"39":0,"40":0,"41":0,"42":0,"43":0,"44":0,"45":0,"46":0,"47":0,"48":0,"49":0,"50":0,"51":0,"52":0,"53":0,"54":0,"55":0,"56":0,"57":0,"58":0,"59":0,"60":0,"61":0,"62":0,"63":0,"64":0,"65":0,"66":0,"67":0,"68":0,"69":0,"70":0,"71":0,"72":0,"73":0,"74":0,"75":0,"76":0,"77":0,"78":0,"79":0,"80":0,"81":0},"f":{"0":0,"1":0,"2":0,"3":0,"4":0,"5":0,"6":0,"7":0,"8":0,"9":0,"10":0,"11":0,"12":0,"13":0,"14":0,"15":0,"16":0,"17":0,"18":0,"19":0,"20":0,"21":0,"22":0,"23":0,"24":0,"25":0},"b":{"0":[0,0],"1":[0,0,0],"2":[0,0],"3":[0,0],"4":[0,0],"5":[0,0],"6":[0,0],"7":[0,0],"8":[0,0],"9":[0,0],"10":[0,0],"11":[0,0],"12":[0,0],"13":[0,0]},"_coverageSchema":"43e27e138ebf9cfc5966b082cf9a028302ed4184","hash":"8b24947bdf767e98e388c4b8005557de626dfbaa"}
}
