{"/Applications/MAMP/htdocs/task-organizer/src/js/dateDiff.js": {"path":"/Applications/MAMP/htdocs/task-organizer/src/js/dateDiff.js","statementMap":{"0":{"start":{"line":2,"column":17},"end":{"line":2,"column":36}},"1":{"start":{"line":3,"column":15},"end":{"line":3,"column":54}},"2":{"start":{"line":5,"column":2},"end":{"line":5,"column":14}},"3":{"start":{"line":9,"column":15},"end":{"line":9,"column":40}},"4":{"start":{"line":10,"column":20},"end":{"line":10,"column":40}},"5":{"start":{"line":12,"column":2},"end":{"line":12,"column":19}},"6":{"start":{"line":16,"column":16},"end":{"line":16,"column":42}},"7":{"start":{"line":17,"column":17},"end":{"line":17,"column":72}},"8":{"start":{"line":19,"column":2},"end":{"line":19,"column":16}},"9":{"start":{"line":23,"column":16},"end":{"line":23,"column":60}},"10":{"start":{"line":25,"column":2},"end":{"line":25,"column":15}}},"fnMap":{"0":{"name":"daysDiff","decl":{"start":{"line":1,"column":9},"end":{"line":1,"column":17}},"loc":{"start":{"line":1,"column":36},"end":{"line":6,"column":1}},"line":1},"1":{"name":"weeksDiff","decl":{"start":{"line":8,"column":9},"end":{"line":8,"column":18}},"loc":{"start":{"line":8,"column":37},"end":{"line":13,"column":1}},"line":8},"2":{"name":"monthsDiff","decl":{"start":{"line":15,"column":9},"end":{"line":15,"column":19}},"loc":{"start":{"line":15,"column":38},"end":{"line":20,"column":1}},"line":15},"3":{"name":"yearsDiff","decl":{"start":{"line":22,"column":9},"end":{"line":22,"column":18}},"loc":{"start":{"line":22,"column":37},"end":{"line":26,"column":1}},"line":22}},"branchMap":{},"s":{"0":2,"1":2,"2":2,"3":1,"4":1,"5":1,"6":1,"7":1,"8":1,"9":2,"10":2},"f":{"0":2,"1":1,"2":1,"3":2},"b":{},"_coverageSchema":"1a1c01bbd47fc00a2c39e90264f33305004495a9","hash":"d7fcce75cbad3f18b3bd054f2b5e8ace24cec34b"}
,"/Applications/MAMP/htdocs/task-organizer/src/js/sharedFunctions.js": {"path":"/Applications/MAMP/htdocs/task-organizer/src/js/sharedFunctions.js","statementMap":{"0":{"start":{"line":6,"column":2},"end":{"line":19,"column":3}},"1":{"start":{"line":8,"column":6},"end":{"line":8,"column":41}},"2":{"start":{"line":9,"column":6},"end":{"line":9,"column":12}},"3":{"start":{"line":11,"column":6},"end":{"line":11,"column":42}},"4":{"start":{"line":12,"column":6},"end":{"line":12,"column":12}},"5":{"start":{"line":14,"column":6},"end":{"line":14,"column":41}},"6":{"start":{"line":15,"column":6},"end":{"line":15,"column":12}},"7":{"start":{"line":17,"column":6},"end":{"line":17,"column":40}},"8":{"start":{"line":18,"column":6},"end":{"line":18,"column":12}},"9":{"start":{"line":21,"column":2},"end":{"line":21,"column":15}},"10":{"start":{"line":25,"column":13},"end":{"line":25,"column":23}},"11":{"start":{"line":26,"column":12},"end":{"line":26,"column":35}},"12":{"start":{"line":27,"column":14},"end":{"line":27,"column":42}},"13":{"start":{"line":28,"column":13},"end":{"line":28,"column":31}},"14":{"start":{"line":30,"column":2},"end":{"line":30,"column":35}},"15":{"start":{"line":34,"column":2},"end":{"line":36,"column":3}},"16":{"start":{"line":35,"column":4},"end":{"line":35,"column":20}},"17":{"start":{"line":38,"column":2},"end":{"line":38,"column":13}},"18":{"start":{"line":42,"column":2},"end":{"line":44,"column":3}},"19":{"start":{"line":43,"column":4},"end":{"line":43,"column":31}},"20":{"start":{"line":46,"column":13},"end":{"line":46,"column":31}},"21":{"start":{"line":47,"column":14},"end":{"line":47,"column":29}},"22":{"start":{"line":48,"column":12},"end":{"line":48,"column":26}},"23":{"start":{"line":51,"column":2},"end":{"line":61,"column":3}},"24":{"start":{"line":53,"column":6},"end":{"line":53,"column":40}},"25":{"start":{"line":54,"column":6},"end":{"line":54,"column":12}},"26":{"start":{"line":56,"column":6},"end":{"line":56,"column":44}},"27":{"start":{"line":57,"column":6},"end":{"line":57,"column":12}},"28":{"start":{"line":59,"column":6},"end":{"line":59,"column":49}},"29":{"start":{"line":60,"column":6},"end":{"line":60,"column":12}},"30":{"start":{"line":63,"column":2},"end":{"line":63,"column":23}},"31":{"start":{"line":67,"column":13},"end":{"line":67,"column":33}},"32":{"start":{"line":68,"column":12},"end":{"line":68,"column":35}},"33":{"start":{"line":69,"column":14},"end":{"line":69,"column":42}},"34":{"start":{"line":70,"column":13},"end":{"line":70,"column":31}},"35":{"start":{"line":72,"column":2},"end":{"line":72,"column":35}},"36":{"start":{"line":76,"column":2},"end":{"line":80,"column":3}},"37":{"start":{"line":77,"column":4},"end":{"line":77,"column":38}},"38":{"start":{"line":78,"column":9},"end":{"line":80,"column":3}},"39":{"start":{"line":79,"column":4},"end":{"line":79,"column":56}},"40":{"start":{"line":82,"column":2},"end":{"line":82,"column":14}},"41":{"start":{"line":88,"column":2},"end":{"line":88,"column":24}},"42":{"start":{"line":90,"column":2},"end":{"line":93,"column":3}},"43":{"start":{"line":90,"column":15},"end":{"line":90,"column":16}},"44":{"start":{"line":91,"column":4},"end":{"line":91,"column":47}},"45":{"start":{"line":92,"column":4},"end":{"line":92,"column":40}}},"fnMap":{"0":{"name":"getDateIndex","decl":{"start":{"line":3,"column":9},"end":{"line":3,"column":21}},"loc":{"start":{"line":3,"column":51},"end":{"line":22,"column":1}},"line":3},"1":{"name":"currentDate","decl":{"start":{"line":24,"column":9},"end":{"line":24,"column":20}},"loc":{"start":{"line":24,"column":24},"end":{"line":31,"column":1}},"line":24},"2":{"name":"addZero","decl":{"start":{"line":33,"column":9},"end":{"line":33,"column":16}},"loc":{"start":{"line":33,"column":23},"end":{"line":39,"column":1}},"line":33},"3":{"name":"setDateToTimeframe","decl":{"start":{"line":41,"column":9},"end":{"line":41,"column":27}},"loc":{"start":{"line":41,"column":46},"end":{"line":64,"column":1}},"line":41},"4":{"name":"formatDate","decl":{"start":{"line":66,"column":9},"end":{"line":66,"column":19}},"loc":{"start":{"line":66,"column":33},"end":{"line":73,"column":1}},"line":66},"5":{"name":"setWeeklyDate","decl":{"start":{"line":75,"column":9},"end":{"line":75,"column":22}},"loc":{"start":{"line":75,"column":30},"end":{"line":83,"column":1}},"line":75},"6":{"name":"nodeDFS","decl":{"start":{"line":85,"column":9},"end":{"line":85,"column":16}},"loc":{"start":{"line":85,"column":48},"end":{"line":94,"column":1}},"line":85}},"branchMap":{"0":{"loc":{"start":{"line":6,"column":2},"end":{"line":19,"column":3}},"type":"switch","locations":[{"start":{"line":7,"column":4},"end":{"line":9,"column":12}},{"start":{"line":10,"column":4},"end":{"line":12,"column":12}},{"start":{"line":13,"column":4},"end":{"line":15,"column":12}},{"start":{"line":16,"column":4},"end":{"line":18,"column":12}}],"line":6},"1":{"loc":{"start":{"line":34,"column":2},"end":{"line":36,"column":3}},"type":"if","locations":[{"start":{"line":34,"column":2},"end":{"line":36,"column":3}},{"start":{"line":34,"column":2},"end":{"line":36,"column":3}}],"line":34},"2":{"loc":{"start":{"line":42,"column":2},"end":{"line":44,"column":3}},"type":"if","locations":[{"start":{"line":42,"column":2},"end":{"line":44,"column":3}},{"start":{"line":42,"column":2},"end":{"line":44,"column":3}}],"line":42},"3":{"loc":{"start":{"line":51,"column":2},"end":{"line":61,"column":3}},"type":"switch","locations":[{"start":{"line":52,"column":4},"end":{"line":54,"column":12}},{"start":{"line":55,"column":4},"end":{"line":57,"column":12}},{"start":{"line":58,"column":4},"end":{"line":60,"column":12}}],"line":51},"4":{"loc":{"start":{"line":76,"column":2},"end":{"line":80,"column":3}},"type":"if","locations":[{"start":{"line":76,"column":2},"end":{"line":80,"column":3}},{"start":{"line":76,"column":2},"end":{"line":80,"column":3}}],"line":76},"5":{"loc":{"start":{"line":78,"column":9},"end":{"line":80,"column":3}},"type":"if","locations":[{"start":{"line":78,"column":9},"end":{"line":80,"column":3}},{"start":{"line":78,"column":9},"end":{"line":80,"column":3}}],"line":78}},"s":{"0":4,"1":1,"2":1,"3":1,"4":1,"5":1,"6":1,"7":1,"8":1,"9":4,"10":0,"11":0,"12":0,"13":0,"14":0,"15":6,"16":5,"17":6,"18":8,"19":2,"20":8,"21":8,"22":8,"23":8,"24":2,"25":2,"26":2,"27":2,"28":4,"29":4,"30":8,"31":1,"32":1,"33":1,"34":1,"35":1,"36":4,"37":1,"38":3,"39":3,"40":4,"41":0,"42":0,"43":0,"44":0,"45":0},"f":{"0":4,"1":0,"2":6,"3":8,"4":1,"5":4,"6":0},"b":{"0":[1,1,1,1],"1":[5,1],"2":[2,6],"3":[2,2,4],"4":[1,3],"5":[3,0]},"_coverageSchema":"1a1c01bbd47fc00a2c39e90264f33305004495a9","hash":"4b2b2e7875e775258c4acc62a2557cae8e7bb2f4"}
,"/Applications/MAMP/htdocs/task-organizer/src/js/newTask/newTaskFunctions.js": {"path":"/Applications/MAMP/htdocs/task-organizer/src/js/newTask/newTaskFunctions.js","statementMap":{"0":{"start":{"line":4,"column":13},"end":{"line":4,"column":31}},"1":{"start":{"line":5,"column":14},"end":{"line":5,"column":29}},"2":{"start":{"line":6,"column":12},"end":{"line":6,"column":26}},"3":{"start":{"line":9,"column":2},"end":{"line":19,"column":3}},"4":{"start":{"line":11,"column":6},"end":{"line":11,"column":43}},"5":{"start":{"line":12,"column":6},"end":{"line":12,"column":12}},"6":{"start":{"line":14,"column":6},"end":{"line":14,"column":45}},"7":{"start":{"line":15,"column":6},"end":{"line":15,"column":12}},"8":{"start":{"line":17,"column":6},"end":{"line":17,"column":41}},"9":{"start":{"line":18,"column":6},"end":{"line":18,"column":12}},"10":{"start":{"line":21,"column":2},"end":{"line":21,"column":39}},"11":{"start":{"line":23,"column":2},"end":{"line":23,"column":17}},"12":{"start":{"line":28,"column":2},"end":{"line":35,"column":3}},"13":{"start":{"line":30,"column":6},"end":{"line":30,"column":27}},"14":{"start":{"line":31,"column":6},"end":{"line":31,"column":12}},"15":{"start":{"line":33,"column":6},"end":{"line":33,"column":27}},"16":{"start":{"line":34,"column":6},"end":{"line":34,"column":12}},"17":{"start":{"line":37,"column":2},"end":{"line":37,"column":16}},"18":{"start":{"line":41,"column":13},"end":{"line":41,"column":31}},"19":{"start":{"line":42,"column":14},"end":{"line":42,"column":42}},"20":{"start":{"line":43,"column":12},"end":{"line":43,"column":35}},"21":{"start":{"line":45,"column":2},"end":{"line":45,"column":35}},"22":{"start":{"line":49,"column":2},"end":{"line":51,"column":3}},"23":{"start":{"line":50,"column":4},"end":{"line":50,"column":17}},"24":{"start":{"line":53,"column":2},"end":{"line":53,"column":24}},"25":{"start":{"line":54,"column":2},"end":{"line":54,"column":30}},"26":{"start":{"line":55,"column":2},"end":{"line":55,"column":30}},"27":{"start":{"line":57,"column":2},"end":{"line":59,"column":3}},"28":{"start":{"line":58,"column":4},"end":{"line":58,"column":16}},"29":{"start":{"line":61,"column":2},"end":{"line":61,"column":15}}},"fnMap":{"0":{"name":"dateOperatorTimeframe","decl":{"start":{"line":3,"column":9},"end":{"line":3,"column":30}},"loc":{"start":{"line":3,"column":59},"end":{"line":24,"column":1}},"line":3},"1":{"name":"updateDate","decl":{"start":{"line":26,"column":9},"end":{"line":26,"column":19}},"loc":{"start":{"line":26,"column":43},"end":{"line":38,"column":1}},"line":26},"2":{"name":"convertDateToInputString","decl":{"start":{"line":40,"column":9},"end":{"line":40,"column":33}},"loc":{"start":{"line":40,"column":41},"end":{"line":46,"column":1}},"line":40},"3":{"name":"validDate","decl":{"start":{"line":48,"column":9},"end":{"line":48,"column":18}},"loc":{"start":{"line":48,"column":44},"end":{"line":62,"column":1}},"line":48}},"branchMap":{"0":{"loc":{"start":{"line":9,"column":2},"end":{"line":19,"column":3}},"type":"switch","locations":[{"start":{"line":10,"column":4},"end":{"line":12,"column":12}},{"start":{"line":13,"column":4},"end":{"line":15,"column":12}},{"start":{"line":16,"column":4},"end":{"line":18,"column":12}}],"line":9},"1":{"loc":{"start":{"line":28,"column":2},"end":{"line":35,"column":3}},"type":"switch","locations":[{"start":{"line":29,"column":4},"end":{"line":31,"column":12}},{"start":{"line":32,"column":4},"end":{"line":34,"column":12}}],"line":28},"2":{"loc":{"start":{"line":49,"column":2},"end":{"line":51,"column":3}},"type":"if","locations":[{"start":{"line":49,"column":2},"end":{"line":51,"column":3}},{"start":{"line":49,"column":2},"end":{"line":51,"column":3}}],"line":49},"3":{"loc":{"start":{"line":49,"column":6},"end":{"line":49,"column":68}},"type":"binary-expr","locations":[{"start":{"line":49,"column":6},"end":{"line":49,"column":22}},{"start":{"line":49,"column":26},"end":{"line":49,"column":45}},{"start":{"line":49,"column":49},"end":{"line":49,"column":68}}],"line":49},"4":{"loc":{"start":{"line":57,"column":2},"end":{"line":59,"column":3}},"type":"if","locations":[{"start":{"line":57,"column":2},"end":{"line":59,"column":3}},{"start":{"line":57,"column":2},"end":{"line":59,"column":3}}],"line":57},"5":{"loc":{"start":{"line":57,"column":6},"end":{"line":57,"column":40}},"type":"binary-expr","locations":[{"start":{"line":57,"column":6},"end":{"line":57,"column":21}},{"start":{"line":57,"column":25},"end":{"line":57,"column":40}}],"line":57}},"s":{"0":3,"1":3,"2":3,"3":3,"4":1,"5":1,"6":1,"7":1,"8":1,"9":1,"10":3,"11":3,"12":3,"13":2,"14":2,"15":1,"16":1,"17":3,"18":1,"19":1,"20":1,"21":1,"22":3,"23":1,"24":2,"25":2,"26":2,"27":2,"28":1,"29":1},"f":{"0":3,"1":3,"2":1,"3":3},"b":{"0":[1,1,1],"1":[2,1],"2":[1,2],"3":[3,2,2],"4":[1,1],"5":[2,1]},"_coverageSchema":"1a1c01bbd47fc00a2c39e90264f33305004495a9","hash":"44b7559c18fabe2d5d7dde046a56b6f5cb130f4f"}
,"/Applications/MAMP/htdocs/task-organizer/src/js/timeframe/timeframeFunctions.js": {"path":"/Applications/MAMP/htdocs/task-organizer/src/js/timeframe/timeframeFunctions.js","statementMap":{"0":{"start":{"line":4,"column":20},"end":{"line":4,"column":22}},"1":{"start":{"line":5,"column":16},"end":{"line":5,"column":109}},"2":{"start":{"line":5,"column":68},"end":{"line":5,"column":106}},"3":{"start":{"line":6,"column":16},"end":{"line":6,"column":107}},"4":{"start":{"line":6,"column":68},"end":{"line":6,"column":104}},"5":{"start":{"line":8,"column":2},"end":{"line":8,"column":55}},"6":{"start":{"line":10,"column":2},"end":{"line":33,"column":3}},"7":{"start":{"line":11,"column":4},"end":{"line":14,"column":7}},"8":{"start":{"line":15,"column":4},"end":{"line":15,"column":37}},"9":{"start":{"line":16,"column":4},"end":{"line":16,"column":35}},"10":{"start":{"line":17,"column":4},"end":{"line":17,"column":32}},"11":{"start":{"line":19,"column":4},"end":{"line":32,"column":5}},"12":{"start":{"line":21,"column":8},"end":{"line":21,"column":44}},"13":{"start":{"line":22,"column":8},"end":{"line":22,"column":14}},"14":{"start":{"line":24,"column":8},"end":{"line":24,"column":48}},"15":{"start":{"line":25,"column":8},"end":{"line":25,"column":14}},"16":{"start":{"line":27,"column":8},"end":{"line":27,"column":53}},"17":{"start":{"line":28,"column":8},"end":{"line":28,"column":14}},"18":{"start":{"line":30,"column":8},"end":{"line":30,"column":53}},"19":{"start":{"line":31,"column":8},"end":{"line":31,"column":14}},"20":{"start":{"line":35,"column":2},"end":{"line":35,"column":19}},"21":{"start":{"line":41,"column":2},"end":{"line":43,"column":3}},"22":{"start":{"line":42,"column":4},"end":{"line":42,"column":42}},"23":{"start":{"line":45,"column":2},"end":{"line":47,"column":3}},"24":{"start":{"line":46,"column":4},"end":{"line":46,"column":48}},"25":{"start":{"line":49,"column":2},"end":{"line":51,"column":3}},"26":{"start":{"line":50,"column":4},"end":{"line":50,"column":39}},"27":{"start":{"line":53,"column":2},"end":{"line":63,"column":3}},"28":{"start":{"line":55,"column":6},"end":{"line":55,"column":37}},"29":{"start":{"line":56,"column":6},"end":{"line":56,"column":12}},"30":{"start":{"line":58,"column":6},"end":{"line":58,"column":57}},"31":{"start":{"line":59,"column":6},"end":{"line":59,"column":12}},"32":{"start":{"line":61,"column":6},"end":{"line":61,"column":72}},"33":{"start":{"line":62,"column":6},"end":{"line":62,"column":12}},"34":{"start":{"line":65,"column":2},"end":{"line":65,"column":14}},"35":{"start":{"line":69,"column":13},"end":{"line":69,"column":26}},"36":{"start":{"line":70,"column":17},"end":{"line":70,"column":23}},"37":{"start":{"line":72,"column":2},"end":{"line":75,"column":3}},"38":{"start":{"line":73,"column":4},"end":{"line":73,"column":27}},"39":{"start":{"line":74,"column":4},"end":{"line":74,"column":27}},"40":{"start":{"line":77,"column":2},"end":{"line":77,"column":36}}},"fnMap":{"0":{"name":"getTaskDates","decl":{"start":{"line":3,"column":9},"end":{"line":3,"column":21}},"loc":{"start":{"line":3,"column":50},"end":{"line":36,"column":1}},"line":3},"1":{"name":"(anonymous_1)","decl":{"start":{"line":5,"column":58},"end":{"line":5,"column":59}},"loc":{"start":{"line":5,"column":68},"end":{"line":5,"column":106}},"line":5},"2":{"name":"(anonymous_2)","decl":{"start":{"line":6,"column":58},"end":{"line":6,"column":59}},"loc":{"start":{"line":6,"column":68},"end":{"line":6,"column":104}},"line":6},"3":{"name":"convertDateHeaderToDate","decl":{"start":{"line":38,"column":9},"end":{"line":38,"column":32}},"loc":{"start":{"line":38,"column":57},"end":{"line":66,"column":1}},"line":38},"4":{"name":"displayTask","decl":{"start":{"line":68,"column":9},"end":{"line":68,"column":20}},"loc":{"start":{"line":68,"column":53},"end":{"line":78,"column":1}},"line":68}},"branchMap":{"0":{"loc":{"start":{"line":19,"column":4},"end":{"line":32,"column":5}},"type":"switch","locations":[{"start":{"line":20,"column":6},"end":{"line":22,"column":14}},{"start":{"line":23,"column":6},"end":{"line":25,"column":14}},{"start":{"line":26,"column":6},"end":{"line":28,"column":14}},{"start":{"line":29,"column":6},"end":{"line":31,"column":14}}],"line":19},"1":{"loc":{"start":{"line":41,"column":2},"end":{"line":43,"column":3}},"type":"if","locations":[{"start":{"line":41,"column":2},"end":{"line":43,"column":3}},{"start":{"line":41,"column":2},"end":{"line":43,"column":3}}],"line":41},"2":{"loc":{"start":{"line":45,"column":2},"end":{"line":47,"column":3}},"type":"if","locations":[{"start":{"line":45,"column":2},"end":{"line":47,"column":3}},{"start":{"line":45,"column":2},"end":{"line":47,"column":3}}],"line":45},"3":{"loc":{"start":{"line":49,"column":2},"end":{"line":51,"column":3}},"type":"if","locations":[{"start":{"line":49,"column":2},"end":{"line":51,"column":3}},{"start":{"line":49,"column":2},"end":{"line":51,"column":3}}],"line":49},"4":{"loc":{"start":{"line":53,"column":2},"end":{"line":63,"column":3}},"type":"switch","locations":[{"start":{"line":54,"column":4},"end":{"line":56,"column":12}},{"start":{"line":57,"column":4},"end":{"line":59,"column":12}},{"start":{"line":60,"column":4},"end":{"line":62,"column":12}}],"line":53}},"s":{"0":4,"1":4,"2":4,"3":4,"4":4,"5":4,"6":4,"7":7,"8":7,"9":7,"10":7,"11":7,"12":2,"13":2,"14":2,"15":2,"16":2,"17":2,"18":1,"19":1,"20":4,"21":5,"22":1,"23":5,"24":1,"25":5,"26":4,"27":5,"28":1,"29":1,"30":1,"31":1,"32":3,"33":3,"34":5,"35":3,"36":3,"37":3,"38":1,"39":1,"40":3},"f":{"0":4,"1":4,"2":4,"3":5,"4":3},"b":{"0":[2,2,2,1],"1":[1,4],"2":[1,4],"3":[4,1],"4":[1,1,3]},"_coverageSchema":"1a1c01bbd47fc00a2c39e90264f33305004495a9","hash":"2d10e80cf53d83dfbf1cb4624a5eb84b1a1eefef"}
}
