TN:
SF:src/js/dateDiff.js
FN:1,daysDiff
FN:8,weeksDiff
FN:15,monthsDiff
FN:22,yearsDiff
FNF:4
FNH:4
FNDA:2,daysDiff
FNDA:1,weeksDiff
FNDA:1,monthsDiff
FNDA:2,yearsDiff
DA:2,2
DA:3,2
DA:5,2
DA:9,1
DA:10,1
DA:12,1
DA:16,1
DA:17,1
DA:19,1
DA:23,2
DA:25,2
LF:11
LH:11
BRF:0
BRH:0
end_of_record
TN:
SF:src/js/sharedFunctions.js
FN:3,getDateIndex
FN:24,currentDate
FN:33,addZero
FN:41,setDateToTimeframe
FN:66,formatDate
FN:75,setWeeklyDate
FN:85,nodeDFS
FNF:7
FNH:5
FNDA:4,getDateIndex
FNDA:0,currentDate
FNDA:6,addZero
FNDA:8,setDateToTimeframe
FNDA:1,formatDate
FNDA:4,setWeeklyDate
FNDA:0,nodeDFS
DA:6,4
DA:8,1
DA:9,1
DA:11,1
DA:12,1
DA:14,1
DA:15,1
DA:17,1
DA:18,1
DA:21,4
DA:25,0
DA:26,0
DA:27,0
DA:28,0
DA:30,0
DA:34,6
DA:35,5
DA:38,6
DA:42,8
DA:43,2
DA:46,8
DA:47,8
DA:48,8
DA:51,8
DA:53,2
DA:54,2
DA:56,2
DA:57,2
DA:59,4
DA:60,4
DA:63,8
DA:67,1
DA:68,1
DA:69,1
DA:70,1
DA:72,1
DA:76,4
DA:77,1
DA:78,3
DA:79,3
DA:82,4
DA:88,0
DA:90,0
DA:91,0
DA:92,0
LF:45
LH:36
BRDA:6,0,0,1
BRDA:6,0,1,1
BRDA:6,0,2,1
BRDA:6,0,3,1
BRDA:34,1,0,5
BRDA:34,1,1,1
BRDA:42,2,0,2
BRDA:42,2,1,6
BRDA:51,3,0,2
BRDA:51,3,1,2
BRDA:51,3,2,4
BRDA:76,4,0,1
BRDA:76,4,1,3
BRDA:78,5,0,3
BRDA:78,5,1,0
BRF:15
BRH:14
end_of_record
TN:
SF:src/js/newTask/newTaskFunctions.js
FN:3,dateOperatorTimeframe
FN:26,updateDate
FN:40,convertDateToInputString
FN:48,validDate
FNF:4
FNH:4
FNDA:3,dateOperatorTimeframe
FNDA:3,updateDate
FNDA:1,convertDateToInputString
FNDA:3,validDate
DA:4,3
DA:5,3
DA:6,3
DA:9,3
DA:11,1
DA:12,1
DA:14,1
DA:15,1
DA:17,1
DA:18,1
DA:21,3
DA:23,3
DA:28,3
DA:30,2
DA:31,2
DA:33,1
DA:34,1
DA:37,3
DA:41,1
DA:42,1
DA:43,1
DA:45,1
DA:49,3
DA:50,1
DA:53,2
DA:54,2
DA:55,2
DA:57,2
DA:58,1
DA:61,1
LF:30
LH:30
BRDA:9,0,0,1
BRDA:9,0,1,1
BRDA:9,0,2,1
BRDA:28,1,0,2
BRDA:28,1,1,1
BRDA:49,2,0,1
BRDA:49,2,1,2
BRDA:49,3,0,3
BRDA:49,3,1,2
BRDA:49,3,2,2
BRDA:57,4,0,1
BRDA:57,4,1,1
BRDA:57,5,0,2
BRDA:57,5,1,1
BRF:14
BRH:14
end_of_record
TN:
SF:src/js/timeframe/timeframeFunctions.js
FN:3,getTaskDates
FN:5,(anonymous_1)
FN:6,(anonymous_2)
FN:38,convertDateHeaderToDate
FN:68,displayTask
FNF:5
FNH:5
FNDA:4,getTaskDates
FNDA:4,(anonymous_1)
FNDA:4,(anonymous_2)
FNDA:5,convertDateHeaderToDate
FNDA:3,displayTask
DA:4,4
DA:5,4
DA:6,4
DA:8,4
DA:10,4
DA:11,7
DA:15,7
DA:16,7
DA:17,7
DA:19,7
DA:21,2
DA:22,2
DA:24,2
DA:25,2
DA:27,2
DA:28,2
DA:30,1
DA:31,1
DA:35,4
DA:41,5
DA:42,1
DA:45,5
DA:46,1
DA:49,5
DA:50,4
DA:53,5
DA:55,1
DA:56,1
DA:58,1
DA:59,1
DA:61,3
DA:62,3
DA:65,5
DA:69,3
DA:70,3
DA:72,3
DA:73,1
DA:74,1
DA:77,3
LF:39
LH:39
BRDA:19,0,0,2
BRDA:19,0,1,2
BRDA:19,0,2,2
BRDA:19,0,3,1
BRDA:41,1,0,1
BRDA:41,1,1,4
BRDA:45,2,0,1
BRDA:45,2,1,4
BRDA:49,3,0,4
BRDA:49,3,1,1
BRDA:53,4,0,1
BRDA:53,4,1,1
BRDA:53,4,2,3
BRF:13
BRH:13
end_of_record
