TN:
SF:src/components/BackgroundScreen.vue
FNF:0
FNH:0
DA:7,1
LF:1
LH:1
BRF:0
BRH:0
end_of_record
TN:
SF:src/components/DeleteTask.vue
FN:34,(anonymous_1)
FN:39,(anonymous_2)
FNF:2
FNH:1
FNDA:0,(anonymous_1)
FNDA:2,(anonymous_2)
DA:16,1
DA:17,1
DA:35,0
DA:36,0
DA:40,2
LF:5
LH:3
BRF:0
BRH:0
end_of_record
TN:
SF:src/components/EditTask.vue
FN:92,(anonymous_1)
FN:113,(anonymous_2)
FN:135,(anonymous_3)
FN:147,(anonymous_4)
FN:163,(anonymous_5)
FN:182,(anonymous_6)
FNF:6
FNH:4
FNDA:5,(anonymous_1)
FNDA:5,(anonymous_2)
FNDA:2,(anonymous_3)
FNDA:0,(anonymous_4)
FNDA:2,(anonymous_5)
FNDA:0,(anonymous_6)
DA:78,2
DA:79,2
DA:80,2
DA:81,2
DA:82,2
DA:93,5
DA:114,5
DA:136,2
DA:137,2
DA:140,0
DA:141,0
DA:147,0
DA:148,0
DA:149,0
DA:151,0
DA:152,0
DA:153,0
DA:154,0
DA:156,0
DA:161,0
DA:164,4
DA:167,2
DA:168,1
DA:178,1
DA:179,1
DA:183,0
LF:26
LH:14
BRDA:114,0,0,0
BRDA:114,0,1,5
BRDA:136,1,0,2
BRDA:136,1,1,0
BRDA:140,2,0,0
BRDA:140,2,1,0
BRDA:140,3,0,0
BRDA:140,3,1,0
BRDA:151,4,0,0
BRDA:151,4,1,0
BRDA:151,5,0,0
BRDA:151,5,1,0
BRDA:167,6,0,1
BRDA:167,6,1,1
BRDA:167,7,0,2
BRDA:167,7,1,1
BRF:16
BRH:6
end_of_record
TN:
SF:src/components/Login.vue
FNF:0
FNH:0
DA:14,1
LF:1
LH:1
BRF:0
BRH:0
end_of_record
TN:
SF:src/components/NewTask.vue
FN:85,(anonymous_1)
FN:107,(anonymous_2)
FN:130,(anonymous_3)
FN:134,(anonymous_4)
FN:154,(anonymous_5)
FN:171,(anonymous_6)
FN:177,(anonymous_7)
FN:186,(anonymous_8)
FN:216,(anonymous_9)
FN:227,(anonymous_10)
FNF:10
FNH:8
FNDA:5,(anonymous_1)
FNDA:5,(anonymous_2)
FNDA:0,(anonymous_3)
FNDA:5,(anonymous_4)
FNDA:5,(anonymous_5)
FNDA:0,(anonymous_6)
FNDA:5,(anonymous_7)
FNDA:2,(anonymous_8)
FNDA:5,(anonymous_9)
FNDA:5,(anonymous_10)
DA:76,1
DA:77,1
DA:78,1
DA:79,1
DA:80,1
DA:81,1
DA:86,5
DA:108,5
DA:109,5
DA:112,5
DA:113,5
DA:114,5
DA:115,5
DA:117,5
DA:118,5
DA:119,5
DA:120,0
DA:121,0
DA:123,5
DA:126,5
DA:127,5
DA:130,5
DA:131,0
DA:135,5
DA:136,5
DA:138,5
DA:139,0
DA:141,0
DA:142,0
DA:144,0
DA:145,0
DA:147,0
DA:148,0
DA:152,5
DA:155,5
DA:173,0
DA:178,5
DA:187,2
DA:188,1
DA:202,1
DA:204,1
DA:205,0
DA:208,1
DA:213,1
DA:217,5
DA:218,5
DA:220,0
DA:228,5
DA:229,5
LF:49
LH:36
BRDA:119,0,0,0
BRDA:119,0,1,5
BRDA:131,1,0,0
BRDA:131,1,1,0
BRDA:135,2,0,0
BRDA:135,2,1,5
BRDA:138,3,0,0
BRDA:138,3,1,5
BRDA:140,4,0,0
BRDA:140,4,1,0
BRDA:140,4,2,0
BRDA:155,5,0,0
BRDA:155,5,1,5
BRDA:187,6,0,1
BRDA:187,6,1,1
BRDA:204,7,0,0
BRDA:204,7,1,1
BRDA:217,8,0,5
BRDA:217,8,1,0
BRF:19
BRH:8
end_of_record
TN:
SF:src/components/Sidebar.vue
FN:122,(anonymous_1)
FN:162,(anonymous_2)
FN:166,(anonymous_3)
FNF:3
FNH:2
FNDA:7,(anonymous_1)
FNDA:0,(anonymous_2)
FNDA:7,(anonymous_3)
DA:117,1
DA:118,1
DA:123,7
DA:163,0
DA:167,7
LF:5
LH:4
BRF:0
BRH:0
end_of_record
TN:
SF:src/components/Task.vue
FN:64,(anonymous_1)
FN:81,(anonymous_2)
FN:91,(anonymous_3)
FN:98,(anonymous_4)
FN:101,(anonymous_5)
FN:113,(anonymous_6)
FN:146,(anonymous_7)
FNF:7
FNH:3
FNDA:5,(anonymous_1)
FNDA:0,(anonymous_2)
FNDA:0,(anonymous_3)
FNDA:0,(anonymous_4)
FNDA:3,(anonymous_5)
FNDA:3,(anonymous_6)
FNDA:0,(anonymous_7)
DA:41,1
DA:42,1
DA:65,5
DA:82,0
DA:92,0
DA:99,0
DA:102,3
DA:104,3
DA:106,0
DA:107,0
DA:109,3
DA:110,3
DA:114,3
DA:115,3
DA:118,3
DA:119,3
DA:120,3
DA:122,3
DA:125,3
DA:126,3
DA:128,3
DA:131,3
DA:132,3
DA:134,3
DA:135,0
DA:136,0
DA:137,0
DA:139,3
DA:142,3
DA:146,0
LF:30
LH:21
BRDA:105,0,0,0
BRDA:105,0,1,3
BRF:2
BRH:1
end_of_record
TN:
SF:src/components/TasksDate.vue
FN:41,(anonymous_1)
FNF:1
FNH:0
FNDA:0,(anonymous_1)
DA:15,1
DA:16,1
DA:41,0
LF:3
LH:2
BRF:0
BRH:0
end_of_record
TN:
SF:src/components/TimeframeDivs.vue
FN:61,(anonymous_1)
FN:64,(anonymous_2)
FN:88,(anonymous_3)
FN:92,(anonymous_4)
FN:93,(anonymous_5)
FN:97,(anonymous_6)
FN:119,(anonymous_7)
FN:154,(anonymous_8)
FN:177,(anonymous_9)
FN:187,(anonymous_10)
FN:192,(anonymous_11)
FNF:11
FNH:3
FNDA:1,(anonymous_1)
FNDA:1,(anonymous_2)
FNDA:0,(anonymous_3)
FNDA:0,(anonymous_4)
FNDA:0,(anonymous_5)
FNDA:0,(anonymous_6)
FNDA:0,(anonymous_7)
FNDA:0,(anonymous_8)
FNDA:0,(anonymous_9)
FNDA:1,(anonymous_10)
FNDA:0,(anonymous_11)
DA:33,1
DA:34,1
DA:35,1
DA:36,1
DA:62,1
DA:65,1
DA:66,1
DA:67,1
DA:69,1
DA:70,0
DA:73,1
DA:74,0
DA:75,0
DA:76,0
DA:78,0
DA:81,0
DA:84,1
DA:89,0
DA:90,0
DA:93,0
DA:98,0
DA:99,0
DA:100,0
DA:101,0
DA:104,0
DA:106,0
DA:108,0
DA:110,0
DA:111,0
DA:112,0
DA:113,0
DA:114,0
DA:116,0
DA:120,0
DA:124,0
DA:125,0
DA:128,0
DA:133,0
DA:134,0
DA:135,0
DA:139,0
DA:140,0
DA:141,0
DA:145,0
DA:146,0
DA:148,0
DA:149,0
DA:150,0
DA:155,0
DA:160,0
DA:163,0
DA:164,0
DA:166,0
DA:167,0
DA:168,0
DA:170,0
DA:171,0
DA:172,0
DA:173,0
DA:178,0
DA:188,1
DA:189,1
DA:191,1
DA:192,1
DA:193,0
DA:194,0
DA:195,0
DA:196,0
DA:200,1
DA:201,1
LF:70
LH:17
BRDA:69,0,0,0
BRDA:69,0,1,1
BRDA:74,1,0,0
BRDA:74,1,1,0
BRDA:75,2,0,0
BRDA:75,2,1,0
BRDA:75,3,0,0
BRDA:75,3,1,0
BRDA:105,4,0,0
BRDA:105,4,1,0
BRDA:105,4,2,0
BRDA:105,4,3,0
BRDA:124,5,0,0
BRDA:124,5,1,0
BRDA:133,6,0,0
BRDA:133,6,1,0
BRDA:139,7,0,0
BRDA:139,7,1,0
BRDA:148,8,0,0
BRDA:148,8,1,0
BRDA:163,9,0,0
BRDA:163,9,1,0
BRDA:166,10,0,0
BRDA:166,10,1,0
BRDA:170,11,0,0
BRDA:170,11,1,0
BRDA:171,12,0,0
BRDA:171,12,1,0
BRDA:194,13,0,0
BRDA:194,13,1,0
BRF:30
BRH:1
end_of_record
TN:
SF:src/components/ViewTask.vue
FN:54,(anonymous_1)
FN:60,(anonymous_2)
FN:64,(anonymous_3)
FN:72,(anonymous_4)
FN:81,(anonymous_5)
FN:84,(anonymous_6)
FN:88,(anonymous_7)
FN:100,(anonymous_8)
FN:103,(anonymous_9)
FN:110,(anonymous_10)
FNF:10
FNH:7
FNDA:5,(anonymous_1)
FNDA:0,(anonymous_2)
FNDA:0,(anonymous_3)
FNDA:5,(anonymous_4)
FNDA:5,(anonymous_5)
FNDA:5,(anonymous_6)
FNDA:5,(anonymous_7)
FNDA:1,(anonymous_8)
FNDA:0,(anonymous_9)
FNDA:5,(anonymous_10)
DA:47,1
DA:48,1
DA:49,1
DA:50,1
DA:55,5
DA:61,0
DA:64,0
DA:65,0
DA:66,0
DA:70,0
DA:73,5
DA:82,5
DA:85,5
DA:86,5
DA:89,5
DA:101,1
DA:104,0
DA:111,5
LF:18
LH:12
BRDA:65,0,0,0
BRDA:65,0,1,0
BRDA:65,1,0,0
BRDA:65,1,1,0
BRF:4
BRH:0
end_of_record
TN:
SF:src/js/dateDiff.js
FN:1,daysDiff
FN:8,weeksDiff
FN:15,monthsDiff
FN:22,yearsDiff
FNF:4
FNH:4
FNDA:2,daysDiff
FNDA:1,weeksDiff
FNDA:1,monthsDiff
FNDA:12,yearsDiff
DA:2,2
DA:3,2
DA:5,2
DA:9,1
DA:10,1
DA:12,1
DA:16,1
DA:17,1
DA:19,1
DA:23,12
DA:25,12
LF:11
LH:11
BRF:0
BRH:0
end_of_record
TN:
SF:src/js/sharedFunctions.js
FN:3,getDateIndex
FN:24,currentDate
FN:33,addZero
FN:41,setDateToTimeframe
FN:66,formatDate
FN:75,setWeeklyDate
FN:85,nodeDFS
FNF:7
FNH:7
FNDA:14,getDateIndex
FNDA:7,currentDate
FNDA:186,addZero
FNDA:8,setDateToTimeframe
FNDA:19,formatDate
FNDA:4,setWeeklyDate
FNDA:10,nodeDFS
DA:6,14
DA:8,11
DA:9,11
DA:11,1
DA:12,1
DA:14,1
DA:15,1
DA:17,1
DA:18,1
DA:21,14
DA:25,7
DA:26,7
DA:27,7
DA:28,7
DA:30,7
DA:34,186
DA:35,137
DA:38,186
DA:42,8
DA:43,2
DA:46,8
DA:47,8
DA:48,8
DA:51,8
DA:53,2
DA:54,2
DA:56,2
DA:57,2
DA:59,4
DA:60,4
DA:63,8
DA:67,19
DA:68,19
DA:69,19
DA:70,19
DA:72,19
DA:76,4
DA:77,1
DA:78,3
DA:79,3
DA:82,4
DA:88,10
DA:90,10
DA:91,0
DA:92,0
LF:45
LH:43
BRDA:6,0,0,11
BRDA:6,0,1,1
BRDA:6,0,2,1
BRDA:6,0,3,1
BRDA:34,1,0,137
BRDA:34,1,1,49
BRDA:42,2,0,2
BRDA:42,2,1,6
BRDA:51,3,0,2
BRDA:51,3,1,2
BRDA:51,3,2,4
BRDA:76,4,0,1
BRDA:76,4,1,3
BRDA:78,5,0,3
BRDA:78,5,1,0
BRF:15
BRH:14
end_of_record
TN:
SF:src/js/sharedMethods.js
FN:3,cancelByEsc
FN:10,validateTasks
FNF:2
FNH:1
FNDA:0,cancelByEsc
FNDA:4,validateTasks
DA:4,0
DA:5,0
DA:6,0
DA:11,4
DA:12,4
DA:13,2
DA:16,4
DA:17,2
DA:20,4
DA:21,2
DA:24,4
DA:25,2
DA:28,4
DA:29,2
DA:32,4
DA:33,12
DA:34,2
DA:38,2
LF:18
LH:15
BRDA:4,0,0,0
BRDA:4,0,1,0
BRDA:12,1,0,2
BRDA:12,1,1,2
BRDA:12,2,0,4
BRDA:12,2,1,2
BRDA:16,3,0,2
BRDA:16,3,1,2
BRDA:20,4,0,2
BRDA:20,4,1,2
BRDA:24,5,0,2
BRDA:24,5,1,2
BRDA:28,6,0,2
BRDA:28,6,1,2
BRDA:33,7,0,2
BRDA:33,7,1,10
BRF:16
BRH:14
end_of_record
TN:
SF:src/js/newTask/newTaskComputed.js
FN:3,startDateMin
FN:15,startDateMax
FN:31,endDateMin
FN:45,endDateMax
FNF:4
FNH:4
FNDA:10,startDateMin
FNDA:12,startDateMax
FNDA:18,endDateMin
FNDA:10,endDateMax
DA:6,10
DA:7,10
DA:9,0
DA:12,10
DA:19,12
DA:20,12
DA:21,12
DA:23,0
DA:26,12
DA:28,12
DA:33,18
DA:34,18
DA:36,18
DA:37,11
DA:39,7
DA:42,18
DA:48,10
DA:49,10
DA:50,10
DA:52,0
DA:55,10
LF:21
LH:18
BRDA:6,0,0,10
BRDA:6,0,1,0
BRDA:19,1,0,12
BRDA:19,1,1,0
BRDA:36,2,0,11
BRDA:36,2,1,7
BRDA:48,3,0,10
BRDA:48,3,1,0
BRF:8
BRH:5
end_of_record
TN:
SF:src/js/newTask/newTaskFunctions.js
FN:3,dateOperatorTimeframe
FN:26,updateDate
FN:40,convertDateToInputString
FN:48,validDate
FNF:4
FNH:4
FNDA:43,dateOperatorTimeframe
FNDA:17,updateDate
FNDA:66,convertDateToInputString
FNDA:15,validDate
DA:4,43
DA:5,43
DA:6,43
DA:9,43
DA:11,15
DA:12,15
DA:14,1
DA:15,1
DA:17,1
DA:18,1
DA:21,43
DA:23,43
DA:28,17
DA:30,10
DA:31,10
DA:33,7
DA:34,7
DA:37,17
DA:41,66
DA:42,66
DA:43,66
DA:45,66
DA:49,15
DA:50,1
DA:53,14
DA:54,14
DA:55,14
DA:57,14
DA:58,5
DA:61,9
LF:30
LH:30
BRDA:9,0,0,15
BRDA:9,0,1,1
BRDA:9,0,2,1
BRDA:28,1,0,10
BRDA:28,1,1,7
BRDA:49,2,0,1
BRDA:49,2,1,14
BRDA:49,3,0,15
BRDA:49,3,1,14
BRDA:49,3,2,14
BRDA:57,4,0,5
BRDA:57,4,1,9
BRDA:57,5,0,14
BRDA:57,5,1,5
BRF:14
BRH:14
end_of_record
TN:
SF:src/js/newTask/newTaskWatchers.js
FN:3,parentId
FN:11,task
FN:19,description
FN:27,timeframe
FN:38,startDate
FN:48,endDate
FNF:6
FNH:5
FNDA:0,parentId
FNDA:2,task
FNDA:2,description
FNDA:2,timeframe
FNDA:8,startDate
FNDA:8,endDate
DA:4,0
DA:5,0
DA:7,0
DA:12,2
DA:13,1
DA:14,0
DA:20,2
DA:21,2
DA:22,0
DA:29,2
DA:30,1
DA:31,0
DA:35,2
DA:39,8
DA:40,2
DA:41,0
DA:45,8
DA:49,8
DA:50,2
DA:51,0
LF:20
LH:12
BRDA:4,0,0,0
BRDA:4,0,1,0
BRDA:12,1,0,1
BRDA:12,1,1,1
BRDA:13,2,0,0
BRDA:13,2,1,1
BRDA:13,3,0,1
BRDA:13,3,1,0
BRDA:20,4,0,2
BRDA:20,4,1,0
BRDA:21,5,0,0
BRDA:21,5,1,2
BRDA:29,6,0,1
BRDA:29,6,1,1
BRDA:30,7,0,0
BRDA:30,7,1,1
BRDA:39,8,0,2
BRDA:39,8,1,6
BRDA:40,9,0,0
BRDA:40,9,1,2
BRDA:49,10,0,2
BRDA:49,10,1,6
BRDA:50,11,0,0
BRDA:50,11,1,2
BRF:24
BRH:15
end_of_record
TN:
SF:src/js/timeframe/timeframeComputed.js
FN:3,validTasks
FN:9,(anonymous_1)
FN:29,completedIndex
FN:33,taskHasValidChild
FN:56,leaves
FN:59,(anonymous_5)
FN:68,leavesCompleted
FN:71,(anonymous_7)
FN:80,percent
FN:86,expired
FNF:10
FNH:7
FNDA:0,validTasks
FNDA:0,(anonymous_1)
FNDA:5,completedIndex
FNDA:5,taskHasValidChild
FNDA:5,leaves
FNDA:5,(anonymous_5)
FNDA:5,leavesCompleted
FNDA:5,(anonymous_7)
FNDA:5,percent
FNDA:0,expired
DA:7,0
DA:9,0
DA:10,0
DA:12,0
DA:13,0
DA:16,0
DA:17,0
DA:18,0
DA:20,0
DA:21,0
DA:25,0
DA:30,5
DA:34,5
DA:35,5
DA:40,0
DA:41,0
DA:42,0
DA:43,0
DA:44,0
DA:46,0
DA:47,0
DA:53,5
DA:57,5
DA:59,5
DA:60,5
DA:61,5
DA:65,5
DA:69,5
DA:71,5
DA:72,5
DA:73,0
DA:77,5
DA:81,5
DA:83,5
DA:87,0
DA:91,0
DA:92,0
DA:93,0
DA:95,0
DA:96,0
DA:99,0
DA:100,0
DA:102,0
DA:103,0
DA:106,0
LF:45
LH:15
BRDA:12,0,0,0
BRDA:12,0,1,0
BRDA:16,1,0,0
BRDA:16,1,1,0
BRDA:20,2,0,0
BRDA:20,2,1,0
BRDA:20,3,0,0
BRDA:20,3,1,0
BRDA:35,4,0,0
BRDA:35,4,1,5
BRDA:42,5,0,0
BRDA:42,5,1,0
BRDA:46,6,0,0
BRDA:46,6,1,0
BRDA:46,7,0,0
BRDA:46,7,1,0
BRDA:60,8,0,5
BRDA:60,8,1,0
BRDA:72,9,0,0
BRDA:72,9,1,5
BRDA:72,10,0,5
BRDA:72,10,1,5
BRDA:91,11,0,0
BRDA:91,11,1,0
BRDA:102,12,0,0
BRDA:102,12,1,0
BRF:26
BRH:5
end_of_record
TN:
SF:src/js/timeframe/timeframeFunctions.js
FN:3,getTaskDates
FN:5,(anonymous_1)
FN:6,(anonymous_2)
FN:38,convertDateHeaderToDate
FN:68,displayTask
FNF:5
FNH:5
FNDA:4,getTaskDates
FNDA:4,(anonymous_1)
FNDA:4,(anonymous_2)
FNDA:5,convertDateHeaderToDate
FNDA:3,displayTask
DA:4,4
DA:5,4
DA:6,4
DA:8,4
DA:10,4
DA:11,7
DA:15,7
DA:16,7
DA:17,7
DA:19,7
DA:21,2
DA:22,2
DA:24,2
DA:25,2
DA:27,2
DA:28,2
DA:30,1
DA:31,1
DA:35,4
DA:41,5
DA:42,1
DA:45,5
DA:46,1
DA:49,5
DA:50,4
DA:53,5
DA:55,1
DA:56,1
DA:58,1
DA:59,1
DA:61,3
DA:62,3
DA:65,5
DA:69,3
DA:70,3
DA:72,3
DA:73,1
DA:74,1
DA:77,3
LF:39
LH:39
BRDA:19,0,0,2
BRDA:19,0,1,2
BRDA:19,0,2,2
BRDA:19,0,3,1
BRDA:41,1,0,1
BRDA:41,1,1,4
BRDA:45,2,0,1
BRDA:45,2,1,4
BRDA:49,3,0,4
BRDA:49,3,1,1
BRDA:53,4,0,1
BRDA:53,4,1,1
BRDA:53,4,2,3
BRF:13
BRH:13
end_of_record
TN:
SF:src/store/remote/sidebar.js
FN:11,(anonymous_0)
FN:14,(anonymous_1)
FN:17,(anonymous_2)
FN:22,(anonymous_3)
FN:25,(anonymous_4)
FN:30,(anonymous_5)
FN:39,(anonymous_6)
FN:41,(anonymous_7)
FN:50,(anonymous_8)
FN:55,(anonymous_9)
FNF:10
FNH:4
FNDA:0,(anonymous_0)
FNDA:7,(anonymous_1)
FNDA:8,(anonymous_2)
FNDA:0,(anonymous_3)
FNDA:0,(anonymous_4)
FNDA:0,(anonymous_5)
FNDA:0,(anonymous_6)
FNDA:0,(anonymous_7)
FNDA:7,(anonymous_8)
FNDA:28,(anonymous_9)
DA:12,0
DA:15,7
DA:18,8
DA:23,0
DA:26,0
DA:27,0
DA:31,0
DA:33,0
DA:39,0
DA:40,0
DA:41,0
DA:42,0
DA:51,7
DA:52,7
DA:54,7
DA:55,7
DA:56,28
DA:58,28
DA:59,0
DA:61,0
LF:20
LH:8
BRDA:26,0,0,0
BRDA:26,0,1,0
BRDA:51,1,0,0
BRDA:51,1,1,7
BRDA:58,2,0,0
BRDA:58,2,1,28
BRF:6
BRH:2
end_of_record
TN:
SF:src/store/remote/tasks.js
FN:11,(anonymous_0)
FN:16,(anonymous_1)
FN:19,(anonymous_2)
FN:22,(anonymous_3)
FN:27,(anonymous_4)
FN:30,(anonymous_5)
FN:35,(anonymous_6)
FN:39,(anonymous_7)
FN:44,(anonymous_8)
FN:85,(anonymous_9)
FN:90,(anonymous_10)
FN:98,(anonymous_11)
FN:110,(anonymous_12)
FN:117,(anonymous_13)
FN:124,(anonymous_14)
FN:141,(anonymous_15)
FN:166,(anonymous_16)
FN:177,(anonymous_17)
FN:178,(anonymous_18)
FN:184,(anonymous_19)
FN:185,(anonymous_20)
FN:193,(anonymous_21)
FN:193,(anonymous_22)
FN:204,(anonymous_23)
FN:214,(anonymous_24)
FN:214,(anonymous_25)
FNF:26
FNH:0
FNDA:0,(anonymous_0)
FNDA:0,(anonymous_1)
FNDA:0,(anonymous_2)
FNDA:0,(anonymous_3)
FNDA:0,(anonymous_4)
FNDA:0,(anonymous_5)
FNDA:0,(anonymous_6)
FNDA:0,(anonymous_7)
FNDA:0,(anonymous_8)
FNDA:0,(anonymous_9)
FNDA:0,(anonymous_10)
FNDA:0,(anonymous_11)
FNDA:0,(anonymous_12)
FNDA:0,(anonymous_13)
FNDA:0,(anonymous_14)
FNDA:0,(anonymous_15)
FNDA:0,(anonymous_16)
FNDA:0,(anonymous_17)
FNDA:0,(anonymous_18)
FNDA:0,(anonymous_19)
FNDA:0,(anonymous_20)
FNDA:0,(anonymous_21)
FNDA:0,(anonymous_22)
FNDA:0,(anonymous_23)
FNDA:0,(anonymous_24)
FNDA:0,(anonymous_25)
DA:12,0
DA:13,0
DA:17,0
DA:20,0
DA:23,0
DA:25,0
DA:28,0
DA:31,0
DA:36,0
DA:40,0
DA:41,0
DA:44,0
DA:45,0
DA:47,0
DA:48,0
DA:49,0
DA:50,0
DA:52,0
DA:53,0
DA:56,0
DA:60,0
DA:62,0
DA:64,0
DA:65,0
DA:68,0
DA:72,0
DA:74,0
DA:76,0
DA:77,0
DA:80,0
DA:81,0
DA:85,0
DA:86,0
DA:91,0
DA:92,0
DA:97,0
DA:98,0
DA:99,0
DA:100,0
DA:111,0
DA:118,0
DA:119,0
DA:120,0
DA:124,0
DA:125,0
DA:129,0
DA:130,0
DA:131,0
DA:133,0
DA:135,0
DA:142,0
DA:144,0
DA:145,0
DA:147,0
DA:150,0
DA:158,0
DA:159,0
DA:160,0
DA:162,0
DA:163,0
DA:167,0
DA:169,0
DA:178,0
DA:179,0
DA:180,0
DA:185,0
DA:186,0
DA:187,0
DA:193,0
DA:195,0
DA:196,0
DA:198,0
DA:199,0
DA:201,0
DA:202,0
DA:204,0
DA:205,0
DA:208,0
DA:209,0
DA:212,0
DA:214,0
DA:215,0
LF:82
LH:0
BRDA:12,0,0,0
BRDA:12,0,1,0
BRDA:45,1,0,0
BRDA:45,1,1,0
BRDA:45,1,2,0
BRDA:52,2,0,0
BRDA:52,2,1,0
BRDA:52,3,0,0
BRDA:52,3,1,0
BRDA:64,4,0,0
BRDA:64,4,1,0
BRDA:76,5,0,0
BRDA:76,5,1,0
BRDA:97,6,0,0
BRDA:97,6,1,0
BRDA:129,7,0,0
BRDA:129,7,1,0
BRDA:144,8,0,0
BRDA:144,8,1,0
BRDA:162,9,0,0
BRDA:162,9,1,0
BRDA:179,10,0,0
BRDA:179,10,1,0
BRDA:179,11,0,0
BRDA:179,11,1,0
BRDA:186,12,0,0
BRDA:186,12,1,0
BRDA:186,13,0,0
BRDA:186,13,1,0
BRF:29
BRH:0
end_of_record
